<?xml version="1.0" encoding="UTF-8"?>
<!-- Generated by org.testng.reporters.JUnitReportReporter -->
<testsuite hostname="admin-PC" name="isteer.qa.test.kodiak.testsuites.Kodiak_CAT_Suite1" tests="1" failures="0" timestamp="21 Aug 2015 08:25:22 GMT" time="50.640" errors="0">
  <testcase name="Kodiak_CAT_1_LaunchingUsingBANId" time="50.640" classname="isteer.qa.test.kodiak.testsuites.Kodiak_CAT_Suite1"/>
</testsuite> <!-- isteer.qa.test.kodiak.testsuites.Kodiak_CAT_Suite1 -->
