<?xml version="1.0" encoding="UTF-8"?>
<!-- Generated by org.testng.reporters.JUnitReportReporter -->
<testsuite hostname="admin-PC" name="isteer.qa.test.kodiak.testsuites.DispatcherFunctionalityValidation" tests="24" failures="0" timestamp="15 Sep 2015 10:54:07 GMT" time="190.700" errors="0">
  <testcase name="Kodiak_ValidatingDisabledStateOfSearchInputFieldAfterSelectingManageContactsViaSubListTab" time="0.117" classname="isteer.qa.test.kodiak.testsuites.DispatcherFunctionalityValidation"/>
  <testcase name="Kodiak_ValidatingDisabledAllFilterIfNoConatctsAfterSelectingViewAllContactTab" time="0.126" classname="isteer.qa.test.kodiak.testsuites.DispatcherFunctionalityValidation"/>
  <testcase name="Kodiak_ValidatingRemoveIconChangeToUndoIconAfterClick" time="2.090" classname="isteer.qa.test.kodiak.testsuites.DispatcherFunctionalityValidation"/>
  <testcase name="Kodiak_ValidatingDisabledSaveButtonIfNoConatctsAfterSelectingViewAllContactTab" time="0.100" classname="isteer.qa.test.kodiak.testsuites.DispatcherFunctionalityValidation"/>
  <testcase name="Kodiak_ValidatingTotalCountInWorkAreaAfterSelectingDisaptcherWithNoContacts" time="3.934" classname="isteer.qa.test.kodiak.testsuites.DispatcherFunctionalityValidation"/>
  <testcase name="Kodiak_ValidatingCancelButtonAfterSelectingViewAllContactTab" time="2.304" classname="isteer.qa.test.kodiak.testsuites.DispatcherFunctionalityValidation"/>
  <testcase name="Kodiak_ValidatingDisabledStateOfSearchInputFieldAfterSelectingViewAllContactTab" time="0.102" classname="isteer.qa.test.kodiak.testsuites.DispatcherFunctionalityValidation"/>
  <testcase name="Kodiak_ValidatingCancelButtonAfterSelectingManageContactsViaSubListTab" time="2.263" classname="isteer.qa.test.kodiak.testsuites.DispatcherFunctionalityValidation"/>
  <testcase name="Kodiak_validatingTotalCountAfterRemove" time="13.529" classname="isteer.qa.test.kodiak.testsuites.DispatcherFunctionalityValidation"/>
  <testcase name="Kodiak_ValidatingUndoAfterRemoveAllLabel" time="36.517" classname="isteer.qa.test.kodiak.testsuites.DispatcherFunctionalityValidation"/>
  <testcase name="Kodiak_ValidatingTotalCountAfterClickOnUndoIcon" time="22.095" classname="isteer.qa.test.kodiak.testsuites.DispatcherFunctionalityValidation"/>
  <testcase name="Kodiak_ValidatingTotalCountInWorkAreaAfterSelectingManageContactsViaSubListTabForDispatcherWithNoContacts" time="2.468" classname="isteer.qa.test.kodiak.testsuites.DispatcherFunctionalityValidation"/>
  <testcase name="Kodiak_ValidatingDisabledAllFilterIfNoConatcts" time="0.078" classname="isteer.qa.test.kodiak.testsuites.DispatcherFunctionalityValidation"/>
  <testcase name="Kodiak_ValidatingDisabledAdvancedStateOfSearchInputFieldAfterSelectingViewAllContactTab" time="0.102" classname="isteer.qa.test.kodiak.testsuites.DispatcherFunctionalityValidation"/>
  <testcase name="Kodiak_ValidatingDisabledAllFilterAfterSelectingManageContactsViaSubListTabIfNoConatcts" time="0.116" classname="isteer.qa.test.kodiak.testsuites.DispatcherFunctionalityValidation"/>
  <testcase name="Kodiak_ValidatingUndoIconChangeToRemoveIconAfterClick" time="1.791" classname="isteer.qa.test.kodiak.testsuites.DispatcherFunctionalityValidation"/>
  <testcase name="Kodiak_ValidatingDisabledAdvancedStateOfSearchInputField" time="0.076" classname="isteer.qa.test.kodiak.testsuites.DispatcherFunctionalityValidation"/>
  <testcase name="Kodiak_ValidatingDisabledSaveButtonIfNoConatcts" time="0.090" classname="isteer.qa.test.kodiak.testsuites.DispatcherFunctionalityValidation"/>
  <testcase name="Kodiak_ValidatingRemoveAllMaxLimitWarningMessage" time="33.364" classname="isteer.qa.test.kodiak.testsuites.DispatcherFunctionalityValidation"/>
  <testcase name="Kodiak_ValidatingCancelButtonManageIndividualContacts" time="2.270" classname="isteer.qa.test.kodiak.testsuites.DispatcherFunctionalityValidation"/>
  <testcase name="Kodiak_ValidatingDisabledStateOfSearchInputField" time="0.066" classname="isteer.qa.test.kodiak.testsuites.DispatcherFunctionalityValidation"/>
  <testcase name="Kodiak_CAT_2_LaunchingUsingFANId" time="55.374" classname="isteer.qa.test.kodiak.testsuites.DispatcherFunctionalityValidation"/>
  <testcase name="Kodiak_ValidatingTotalCountInWorkAreaAfterSelectingViewAllContactTabForDispatcherWithNoContacts" time="11.599" classname="isteer.qa.test.kodiak.testsuites.DispatcherFunctionalityValidation"/>
  <testcase name="Kodiak_ValidatingDisabledSaveButtonAfterSelectingManageContactsViaSubListTabIfNoConatcts" time="0.129" classname="isteer.qa.test.kodiak.testsuites.DispatcherFunctionalityValidation"/>
</testsuite> <!-- isteer.qa.test.kodiak.testsuites.DispatcherFunctionalityValidation -->
