<?xml version="1.0" encoding="UTF-8"?>
<!-- Generated by org.testng.reporters.JUnitReportReporter -->
<testsuite hostname="Admin-PC" name="com.kodiak.qa.testsuites.BroadcastGroup" tests="23" failures="0" timestamp="29 May 2016 01:15:14 GMT" time="833.172" errors="0">
  <testcase name="validateLMRGroupIsNotShownInPickBroadcasterWindowAfterSelectingAsMember" time="11.817" classname="com.kodiak.qa.testsuites.BroadcastGroup"/>
  <testcase name="verifyLMRSubscriberIsNotShowninPickBroadcastersWindow" time="10.304" classname="com.kodiak.qa.testsuites.BroadcastGroup"/>
  <testcase name="verifyBroadcastToDNDIsCheckedByDefault" time="4.036" classname="com.kodiak.qa.testsuites.BroadcastGroup"/>
  <testcase name="validateCreatingBroadcastGroupWithoutBroadcaster" time="8.479" classname="com.kodiak.qa.testsuites.BroadcastGroup"/>
  <testcase name="verifyInterOpRadioIsNotShowninPickBroadcastersWindow" time="16.297" classname="com.kodiak.qa.testsuites.BroadcastGroup"/>
  <testcase name="verifyExternalIsNotShowninPickBroadcastersWindow" time="10.306" classname="com.kodiak.qa.testsuites.BroadcastGroup"/>
  <testcase name="validateTotalMembersCountIncreasesAfterAddingSublistToBroadcastGroup" time="131.576" classname="com.kodiak.qa.testsuites.BroadcastGroup"/>
  <testcase name="validateAddingBroadcatGroupWith1BroadcasterAnd1Member" time="76.433" classname="com.kodiak.qa.testsuites.BroadcastGroup"/>
  <testcase name="validatingCloseBrowser" time="2.282" classname="com.kodiak.qa.testsuites.BroadcastGroup"/>
  <testcase name="validateMembersAreAvailableToBePickedAsBroadcaster" time="44.545" classname="com.kodiak.qa.testsuites.BroadcastGroup"/>
  <testcase name="verifyStateOfDoneButtonWhenNoBroacasterIsSelected" time="4.044" classname="com.kodiak.qa.testsuites.BroadcastGroup"/>
  <testcase name="verifyToolTipForTotalMembersCount" time="15.408" classname="com.kodiak.qa.testsuites.BroadcastGroup"/>
  <testcase name="validatCreatingBroadCastGroupWithSubListAsMembersAnd1Broadcaster" time="7.241" classname="com.kodiak.qa.testsuites.BroadcastGroup"/>
  <testcase name="Kodiak_CAT_2_LaunchingUsingFANId" time="111.973" classname="com.kodiak.qa.testsuites.BroadcastGroup"/>
  <testcase name="validateSelectedBroadcasterIsDisplayedInManageBroadcasterWorkArea" time="9.549" classname="com.kodiak.qa.testsuites.BroadcastGroup"/>
  <testcase name="verifyStateOfDoneButtonWhenBroadcasterIsSelected" time="12.434" classname="com.kodiak.qa.testsuites.BroadcastGroup"/>
  <testcase name="validateLMRGroupIsNotShownInPickGroupMembersWindowAfterSelectingAsMember" time="10.676" classname="com.kodiak.qa.testsuites.BroadcastGroup"/>
  <testcase name="deleteAutomationSubListsforContinuation" time="44.441" classname="com.kodiak.qa.testsuites.BroadcastGroup"/>
  <testcase name="validateBroadcasterIsMemberOfBroadCastGroup" time="36.462" classname="com.kodiak.qa.testsuites.BroadcastGroup"/>
  <testcase name="validateAddingBroadcatGroupWith1BroadcasterAndWithoutMembers" time="31.214" classname="com.kodiak.qa.testsuites.BroadcastGroup"/>
  <testcase name="validateAddingBroadCastGroupWith2Broadcasters" time="49.638" classname="com.kodiak.qa.testsuites.BroadcastGroup"/>
  <testcase name="validateSelectingMoreThanOneLMRGroupMDNAsMembers" time="57.910" classname="com.kodiak.qa.testsuites.BroadcastGroup"/>
  <testcase name="verifyGroupDeletionforContinuation" time="126.107" classname="com.kodiak.qa.testsuites.BroadcastGroup"/>
</testsuite> <!-- com.kodiak.qa.testsuites.BroadcastGroup -->
