<?xml version="1.0" encoding="UTF-8"?>
<!-- Generated by org.testng.reporters.JUnitReportReporter -->
<testsuite hostname="Admin-PC" name="com.kodiak.qa.testsuites.DispatcherFunctionalityValidationManageIndividualList" tests="12" failures="0" timestamp="26 Sep 2016 23:11:48 GMT" time="684.477" errors="0">
  <testcase name="Kodiak_CAT_LaunchingUsingFANId" time="98.296" classname="com.kodiak.qa.testsuites.DispatcherFunctionalityValidationManageIndividualList"/>
  <testcase name="verifyingRemovedMdnInAssignContactsPopup" time="65.878" classname="com.kodiak.qa.testsuites.DispatcherFunctionalityValidationManageIndividualList"/>
  <testcase name="dispatcher_SelectedSubscriberConatctInWorkArea" time="68.978" classname="com.kodiak.qa.testsuites.DispatcherFunctionalityValidationManageIndividualList"/>
  <testcase name="verifyingStateOfRemoveIconAfterCancelAndOk" time="49.251" classname="com.kodiak.qa.testsuites.DispatcherFunctionalityValidationManageIndividualList"/>
  <testcase name="verifyingPickContactWindowDoneButton" time="50.613" classname="com.kodiak.qa.testsuites.DispatcherFunctionalityValidationManageIndividualList"/>
  <testcase name="verifyingStateOfRemovedMDN" time="84.224" classname="com.kodiak.qa.testsuites.DispatcherFunctionalityValidationManageIndividualList"/>
  <testcase name="verifyingPickContactClosebutton" time="14.203" classname="com.kodiak.qa.testsuites.DispatcherFunctionalityValidationManageIndividualList"/>
  <testcase name="verifyingStateOfRemoveIcon" time="107.574" classname="com.kodiak.qa.testsuites.DispatcherFunctionalityValidationManageIndividualList"/>
  <testcase name="verifyingPickContactDonebutton" time="62.953" classname="com.kodiak.qa.testsuites.DispatcherFunctionalityValidationManageIndividualList"/>
  <testcase name="verifyingPickContactCancelbutton" time="56.735" classname="com.kodiak.qa.testsuites.DispatcherFunctionalityValidationManageIndividualList"/>
  <testcase name="verifyingStateOfUndoIconAfterCancelAndCancel" time="23.404" classname="com.kodiak.qa.testsuites.DispatcherFunctionalityValidationManageIndividualList"/>
  <testcase name="validatingCloseBrowser" time="2.368" classname="com.kodiak.qa.testsuites.DispatcherFunctionalityValidationManageIndividualList"/>
</testsuite> <!-- com.kodiak.qa.testsuites.DispatcherFunctionalityValidationManageIndividualList -->
