<?xml version="1.0" encoding="UTF-8"?>
<!-- Generated by org.testng.reporters.JUnitReportReporter -->
<testsuite hostname="admin-PC" name="isteer.qa.test.kodiak.testsuites.Kodiak_LoginValidation" tests="5" failures="0" timestamp="24 Aug 2015 06:53:46 GMT" time="67.343" errors="0">
  <testcase name="Kodiak_CAT_ValidatingChangedDispatcherName" time="3.334" classname="isteer.qa.test.kodiak.testsuites.Kodiak_LoginValidation"/>
  <testcase name="Kodiak_CAT__VerifyInvalidCorpID" time="6.031" classname="isteer.qa.test.kodiak.testsuites.Kodiak_LoginValidation"/>
  <testcase name="Kodiak_CAT_VerifyLoginWithoutCorpID" time="6.009" classname="isteer.qa.test.kodiak.testsuites.Kodiak_LoginValidation"/>
  <testcase name="Kodiak_CAT_LoginWithValidCorpIDandFANID" time="44.873" classname="isteer.qa.test.kodiak.testsuites.Kodiak_LoginValidation"/>
  <testcase name="Kodiak_CAT_ValidatingDispatcherName" time="7.096" classname="isteer.qa.test.kodiak.testsuites.Kodiak_LoginValidation"/>
</testsuite> <!-- isteer.qa.test.kodiak.testsuites.Kodiak_LoginValidation -->
