<?xml version="1.0" encoding="UTF-8"?>
<!-- Generated by org.testng.reporters.JUnitReportReporter -->
<testsuite hostname="admin-PC" name="com.kodiak.qa.testsuites.LMT" tests="1" failures="0" timestamp="1 Mar 2016 09:29:29 GMT" time="11.399" errors="0">
  <testcase name="launchLMTWithSamlFile" time="11.399" classname="com.kodiak.qa.testsuites.LMT"/>
</testsuite> <!-- com.kodiak.qa.testsuites.LMT -->
