<?xml version="1.0" encoding="UTF-8"?>
<!-- Generated by org.testng.reporters.JUnitReportReporter -->
<testsuite hostname="admin-PC" name="isteer.qa.test.kodiak.testsuites.DispatcherRemoveAndUndoFunctionality" tests="6" failures="0" timestamp="14 Sep 2015 00:39:27 GMT" time="127.678" errors="0">
  <testcase name="Kodiak_ValidatingUndoIconChangeToRemoveIconAfterClick" time="1.682" classname="isteer.qa.test.kodiak.testsuites.DispatcherRemoveAndUndoFunctionality"/>
  <testcase name="Kodiak_ValidatingTotalCountAfterClickOnUndoIcon" time="18.533" classname="isteer.qa.test.kodiak.testsuites.DispatcherRemoveAndUndoFunctionality"/>
  <testcase name="Kodiak_CAT_2_LaunchingUsingFANId" time="55.248" classname="isteer.qa.test.kodiak.testsuites.DispatcherRemoveAndUndoFunctionality"/>
  <testcase name="Kodiak_ValidatingUndoAfterRemoveAllLabel" time="36.633" classname="isteer.qa.test.kodiak.testsuites.DispatcherRemoveAndUndoFunctionality"/>
  <testcase name="Kodiak_validatingTotalCountAfterRemove" time="13.494" classname="isteer.qa.test.kodiak.testsuites.DispatcherRemoveAndUndoFunctionality"/>
  <testcase name="Kodiak_ValidatingRemoveIconChangeToUndoIconAfterClick" time="2.088" classname="isteer.qa.test.kodiak.testsuites.DispatcherRemoveAndUndoFunctionality"/>
</testsuite> <!-- isteer.qa.test.kodiak.testsuites.DispatcherRemoveAndUndoFunctionality -->
