<?xml version="1.0" encoding="UTF-8"?>
<!-- Generated by org.testng.reporters.JUnitReportReporter -->
<testsuite hostname="Admin-PC" name="com.kodiak.qa.testsuites.LMRSubscriberAndLMRGroupValidation" tests="20" failures="0" timestamp="26 Sep 2016 14:54:30 GMT" time="1206.747" errors="0">
  <testcase name="lMRSubscriber_ValidatingLMRSubscriberChangedNameReflectingInMasterList" time="42.695" classname="com.kodiak.qa.testsuites.LMRSubscriberAndLMRGroupValidation"/>
  <testcase name="lMRGroup_validatingLMRGroupWorkAreaDetails" time="66.918" classname="com.kodiak.qa.testsuites.LMRSubscriberAndLMRGroupValidation"/>
  <testcase name="lMRSubscriber_validatingGenerateActivationCodeInLMRSubscriberWorkArea" time="12.063" classname="com.kodiak.qa.testsuites.LMRSubscriberAndLMRGroupValidation"/>
  <testcase name="validatingGatIconOnCatHomePage" time="22.161" classname="com.kodiak.qa.testsuites.LMRSubscriberAndLMRGroupValidation"/>
  <testcase name="validatingGroupDeletionForContinuation" time="98.570" classname="com.kodiak.qa.testsuites.LMRSubscriberAndLMRGroupValidation"/>
  <testcase name="validatingLMRSubscriberAndGroupHelpText" time="16.091" classname="com.kodiak.qa.testsuites.LMRSubscriberAndLMRGroupValidation"/>
  <testcase name="lMRGroup_validatingGenerateActivationCodeInLMRGroupWorkArea" time="64.081" classname="com.kodiak.qa.testsuites.LMRSubscriberAndLMRGroupValidation"/>
  <testcase name="standardGroupWithSgAndNormalMemberAsSupervsior" time="102.545" classname="com.kodiak.qa.testsuites.LMRSubscriberAndLMRGroupValidation"/>
  <testcase name="validatingSubListAdditionWithLMRSubscriberAndGroup" time="99.955" classname="com.kodiak.qa.testsuites.LMRSubscriberAndLMRGroupValidation"/>
  <testcase name="validatingLMRSubscriberInPickIndividualMemberPopup" time="31.922" classname="com.kodiak.qa.testsuites.LMRSubscriberAndLMRGroupValidation"/>
  <testcase name="validatingSgPhoneNumberInAssignDispatcher" time="47.062" classname="com.kodiak.qa.testsuites.LMRSubscriberAndLMRGroupValidation"/>
  <testcase name="lMRGroup_validatingGroupCountWhenSgIsNotAddedToAnyGroup" time="25.237" classname="com.kodiak.qa.testsuites.LMRSubscriberAndLMRGroupValidation"/>
  <testcase name="lMRGroup_ValidatingEnableTalkGroupScanning" time="39.774" classname="com.kodiak.qa.testsuites.LMRSubscriberAndLMRGroupValidation"/>
  <testcase name="lMRGroup_ValidatingLMRGroupChangedNameReflectingInMasterList" time="42.441" classname="com.kodiak.qa.testsuites.LMRSubscriberAndLMRGroupValidation"/>
  <testcase name="Kodiak_CAT_LaunchingUsingFANId" time="98.429" classname="com.kodiak.qa.testsuites.LMRSubscriberAndLMRGroupValidation"/>
  <testcase name="lMRSubscriber_validatingSuPhoneNumberWorkAreaDetails" time="63.913" classname="com.kodiak.qa.testsuites.LMRSubscriberAndLMRGroupValidation"/>
  <testcase name="validatingCloseBrowser" time="2.391" classname="com.kodiak.qa.testsuites.LMRSubscriberAndLMRGroupValidation"/>
  <testcase name="lMRSubscriber_validatingSuPhoneNumberWorkAreaUnderSubscriberPhoneBookText" time="37.916" classname="com.kodiak.qa.testsuites.LMRSubscriberAndLMRGroupValidation"/>
  <testcase name="lMRGroup_VerifyGroupInViewGroupsTab" time="172.142" classname="com.kodiak.qa.testsuites.LMRSubscriberAndLMRGroupValidation"/>
  <testcase name="validatingStandardGroupWithTwoSg" time="120.441" classname="com.kodiak.qa.testsuites.LMRSubscriberAndLMRGroupValidation"/>
</testsuite> <!-- com.kodiak.qa.testsuites.LMRSubscriberAndLMRGroupValidation -->
