<?xml version="1.0" encoding="UTF-8"?>
<!-- Generated by org.testng.reporters.JUnitReportReporter -->
<testsuite hostname="Sairam" name="isteer.qa.common.Timeouts" tests="1" failures="0" timestamp="9 Jul 2015 17:29:53 GMT" time="0.021" errors="0">
  <testcase name="testme" time="0.021" classname="isteer.qa.common.Timeouts"/>
</testsuite> <!-- isteer.qa.common.Timeouts -->
