<?xml version="1.0" encoding="UTF-8"?>
<!-- Generated by org.testng.reporters.JUnitReportReporter -->
<testsuite hostname="Admin-PC" name="com.kodiak.qa.testsuites.WiFiClientFunctionalityValidationManageIndividualList" tests="12" failures="0" timestamp="26 Sep 2016 23:11:48 GMT" time="738.622" errors="0">
  <testcase name="wiFi_VerifyingPickContactClosebutton" time="14.184" classname="com.kodiak.qa.testsuites.WiFiClientFunctionalityValidationManageIndividualList"/>
  <testcase name="wiFi_VerifyingRemovedMdnInAssignContactsPopup" time="79.829" classname="com.kodiak.qa.testsuites.WiFiClientFunctionalityValidationManageIndividualList"/>
  <testcase name="Kodiak_CAT_LaunchingUsingFANId" time="98.303" classname="com.kodiak.qa.testsuites.WiFiClientFunctionalityValidationManageIndividualList"/>
  <testcase name="wiFi_VerifyingPickContactWindowDoneButton" time="74.637" classname="com.kodiak.qa.testsuites.WiFiClientFunctionalityValidationManageIndividualList"/>
  <testcase name="validatingCloseBrowser" time="2.377" classname="com.kodiak.qa.testsuites.WiFiClientFunctionalityValidationManageIndividualList"/>
  <testcase name="wiFi_VerifyingStateOfRemovedMDN" time="78.387" classname="com.kodiak.qa.testsuites.WiFiClientFunctionalityValidationManageIndividualList"/>
  <testcase name="wiFi_VerifyingPickContactDonebutton" time="62.784" classname="com.kodiak.qa.testsuites.WiFiClientFunctionalityValidationManageIndividualList"/>
  <testcase name="wiFi_VerifyingStateOfRemoveIconAfterCancelAndOk" time="57.722" classname="com.kodiak.qa.testsuites.WiFiClientFunctionalityValidationManageIndividualList"/>
  <testcase name="wiFi_VerifyingPickContactCancelbutton" time="70.811" classname="com.kodiak.qa.testsuites.WiFiClientFunctionalityValidationManageIndividualList"/>
  <testcase name="wiFi_VerifyingStateOfRemoveIcon" time="107.387" classname="com.kodiak.qa.testsuites.WiFiClientFunctionalityValidationManageIndividualList"/>
  <testcase name="wiFi_VerifyingStateOfUndoIconAfterCancelAndCancel" time="23.380" classname="com.kodiak.qa.testsuites.WiFiClientFunctionalityValidationManageIndividualList"/>
  <testcase name="wiFi_SelectedSubscriberConatctInWorkArea" time="68.821" classname="com.kodiak.qa.testsuites.WiFiClientFunctionalityValidationManageIndividualList"/>
</testsuite> <!-- com.kodiak.qa.testsuites.WiFiClientFunctionalityValidationManageIndividualList -->
