<?xml version="1.0" encoding="UTF-8"?>
<!-- Generated by org.testng.reporters.JUnitReportReporter -->
<testsuite hostname="Admin-PC" name="com.kodiak.qa.testsuites.CrossCarrierPTTProfileValidation" tests="21" failures="0" timestamp="26 Sep 2016 23:11:48 GMT" time="1015.235" errors="0">
  <testcase name="crossCarrier_ValidatingTotalCountInWorkAreaAfterSelectingManageContactsViaSubListTabForCrossCarrier" time="17.230" classname="com.kodiak.qa.testsuites.CrossCarrierPTTProfileValidation"/>
  <testcase name="crossCarrier_ValidatingTotalGroupCountInWorkAreaAfterSelectingViewGroupTabForCrossCarrier" time="65.060" classname="com.kodiak.qa.testsuites.CrossCarrierPTTProfileValidation"/>
  <testcase name="crossCarrier_ValidatingCrossCarrierBillingPhoneNumber" time="14.065" classname="com.kodiak.qa.testsuites.CrossCarrierPTTProfileValidation"/>
  <testcase name="crossCarrier_SelectedSubscriberConatctInWorkArea" time="74.808" classname="com.kodiak.qa.testsuites.CrossCarrierPTTProfileValidation"/>
  <testcase name="crossCarrier_ValidatingTotalCountInWorkAreaAfterSelectingDisaptcherInMasterList" time="18.301" classname="com.kodiak.qa.testsuites.CrossCarrierPTTProfileValidation"/>
  <testcase name="crossCarrier_ValidatingChangedCrossCarrierName" time="87.121" classname="com.kodiak.qa.testsuites.CrossCarrierPTTProfileValidation"/>
  <testcase name="crossCarrier_ValidatingSubscriberType" time="104.734" classname="com.kodiak.qa.testsuites.CrossCarrierPTTProfileValidation"/>
  <testcase name="crossCarrier_ValidatingCrossCarrierRecords" time="43.765" classname="com.kodiak.qa.testsuites.CrossCarrierPTTProfileValidation"/>
  <testcase name="crossCarrier_ValidatingCrossCarrierWithoutEmail" time="43.970" classname="com.kodiak.qa.testsuites.CrossCarrierPTTProfileValidation"/>
  <testcase name="crossCarrier_ValidatingCrossCarrierPhoneNumber" time="48.934" classname="com.kodiak.qa.testsuites.CrossCarrierPTTProfileValidation"/>
  <testcase name="crossCarrier_ValidatingCrossCarrierWithoutName" time="44.004" classname="com.kodiak.qa.testsuites.CrossCarrierPTTProfileValidation"/>
  <testcase name="crossCarrier_ValidatingChangedCrossCarrierEmail" time="132.966" classname="com.kodiak.qa.testsuites.CrossCarrierPTTProfileValidation"/>
  <testcase name="crossCarrier_ValidatingClientType" time="9.169" classname="com.kodiak.qa.testsuites.CrossCarrierPTTProfileValidation"/>
  <testcase name="crossCarrier_ValidatingCrossCarrierEmail" time="58.831" classname="com.kodiak.qa.testsuites.CrossCarrierPTTProfileValidation"/>
  <testcase name="validatingCloseBrowser" time="2.423" classname="com.kodiak.qa.testsuites.CrossCarrierPTTProfileValidation"/>
  <testcase name="crossCarrier_ValidatingCrossCarrierIconToolTip" time="47.702" classname="com.kodiak.qa.testsuites.CrossCarrierPTTProfileValidation"/>
  <testcase name="crossCarrier_ValidatingAlphanumericCrossCarrierName" time="31.442" classname="com.kodiak.qa.testsuites.CrossCarrierPTTProfileValidation"/>
  <testcase name="Kodiak_CAT_LaunchingUsingFANId" time="98.356" classname="com.kodiak.qa.testsuites.CrossCarrierPTTProfileValidation"/>
  <testcase name="crossCarrier_ValidatingCrossCarrierState" time="8.086" classname="com.kodiak.qa.testsuites.CrossCarrierPTTProfileValidation"/>
  <testcase name="crossCarrier_ValidatingTotalCountInWorkAreaAfterSelectingViewAllContactTabForCrossCarrier" time="17.309" classname="com.kodiak.qa.testsuites.CrossCarrierPTTProfileValidation"/>
  <testcase name="crossCarrier_ValidatingCrossCarrierName" time="46.959" classname="com.kodiak.qa.testsuites.CrossCarrierPTTProfileValidation"/>
</testsuite> <!-- com.kodiak.qa.testsuites.CrossCarrierPTTProfileValidation -->
