<?xml version="1.0" encoding="UTF-8"?>
<!-- Generated by org.testng.reporters.JUnitReportReporter -->
<testsuite hostname="admin-PC" name="com.kodiak.qa.testsuites.ThirdPartyBasicSearchTestCase" tests="26" failures="0" timestamp="25 Apr 2016 05:32:54 GMT" time="1185.356" errors="0">
  <testcase name="Kodiak_CAT_LaunchingUsingFANId" time="99.441" classname="com.kodiak.qa.testsuites.ThirdPartyBasicSearchTestCase"/>
  <testcase name="thirdParty_VerifySubscriberNameInViewAllContactsTab" time="23.587" classname="com.kodiak.qa.testsuites.ThirdPartyBasicSearchTestCase"/>
  <testcase name="thirdParty_CheckDeleteBtnBeforeAndAfterSearch" time="50.379" classname="com.kodiak.qa.testsuites.ThirdPartyBasicSearchTestCase"/>
  <testcase name="thirdParty_SearchSubscriberNameInSubscriberWorkArea" time="36.108" classname="com.kodiak.qa.testsuites.ThirdPartyBasicSearchTestCase"/>
  <testcase name="thirdParty_VerifyContactsSearchAndAfterClrSearchUsingName" time="36.496" classname="com.kodiak.qa.testsuites.ThirdPartyBasicSearchTestCase"/>
  <testcase name="thirdParty_VerifySubscriberInManageContactsVisSublist" time="17.263" classname="com.kodiak.qa.testsuites.ThirdPartyBasicSearchTestCase"/>
  <testcase name="thirdParty_SearchSubscriberPhNumber" time="36.651" classname="com.kodiak.qa.testsuites.ThirdPartyBasicSearchTestCase"/>
  <testcase name="thirdParty_SearchInvalidGroupNameInViewGroupsTab" time="13.331" classname="com.kodiak.qa.testsuites.ThirdPartyBasicSearchTestCase"/>
  <testcase name="thirdParty_VerifyGroupInViewGroupsTab" time="185.142" classname="com.kodiak.qa.testsuites.ThirdPartyBasicSearchTestCase"/>
  <testcase name="thirdParty_ValidatingDeletingMemberForContinuation" time="68.452" classname="com.kodiak.qa.testsuites.ThirdPartyBasicSearchTestCase"/>
  <testcase name="thirdParty_SearchSubscriberName" time="19.749" classname="com.kodiak.qa.testsuites.ThirdPartyBasicSearchTestCase"/>
  <testcase name="thirdParty_VerifySubscriberMdnInViewAllContactsTab" time="21.841" classname="com.kodiak.qa.testsuites.ThirdPartyBasicSearchTestCase"/>
  <testcase name="validatingCloseBrowser" time="8.631" classname="com.kodiak.qa.testsuites.ThirdPartyBasicSearchTestCase"/>
  <testcase name="thirdParty_VerifyingViewGroupsFilterDispatchGroupsList" time="17.419" classname="com.kodiak.qa.testsuites.ThirdPartyBasicSearchTestCase"/>
  <testcase name="thirdParty_VerifyingEnableTalkGroupScanningForDispatch" time="4.228" classname="com.kodiak.qa.testsuites.ThirdPartyBasicSearchTestCase"/>
  <testcase name="thirdParty_SearchSubscriberPhoneNumberInSubscriberWorkArea" time="8.285" classname="com.kodiak.qa.testsuites.ThirdPartyBasicSearchTestCase"/>
  <testcase name="thirdParty_verifyMouseOverOnGroupIconForTitle" time="15.102" classname="com.kodiak.qa.testsuites.ThirdPartyBasicSearchTestCase"/>
  <testcase name="thirdParty_VerifyContactsSearchAndAfterClrSearchUsingMdn" time="71.396" classname="com.kodiak.qa.testsuites.ThirdPartyBasicSearchTestCase"/>
  <testcase name="validatingGroupDeletionForContinuation" time="62.963" classname="com.kodiak.qa.testsuites.ThirdPartyBasicSearchTestCase"/>
  <testcase name="validatingSubListDeletionForContinuation" time="108.142" classname="com.kodiak.qa.testsuites.ThirdPartyBasicSearchTestCase"/>
  <testcase name="thirdParty_ValidatingSubListAddition" time="111.958" classname="com.kodiak.qa.testsuites.ThirdPartyBasicSearchTestCase"/>
  <testcase name="thirdParty_SelectedSubscriberConatctInWorkArea" time="69.292" classname="com.kodiak.qa.testsuites.ThirdPartyBasicSearchTestCase"/>
  <testcase name="thirdParty_VerifySublistCount" time="48.567" classname="com.kodiak.qa.testsuites.ThirdPartyBasicSearchTestCase"/>
  <testcase name="thirdParty_SearchInvalidStringInSubscriberWorkArea" time="8.257" classname="com.kodiak.qa.testsuites.ThirdPartyBasicSearchTestCase"/>
  <testcase name="thirdParty_VerifySublistNameInAddSublistPopup" time="17.120" classname="com.kodiak.qa.testsuites.ThirdPartyBasicSearchTestCase"/>
  <testcase name="thirdParty_verifyMouseOverOnGroupForTotalMemberCount" time="25.556" classname="com.kodiak.qa.testsuites.ThirdPartyBasicSearchTestCase"/>
</testsuite> <!-- com.kodiak.qa.testsuites.ThirdPartyBasicSearchTestCase -->
