<?xml version="1.0" encoding="UTF-8"?>
<!-- Generated by org.testng.reporters.JUnitReportReporter -->
<testsuite hostname="admin-PC" name="com.kodiak.qa.testsuites.WindowClientAssignContactsFilterData" tests="12" failures="0" timestamp="24 Apr 2016 19:24:22 GMT" time="492.508" errors="0">
  <testcase name="validatingCloseBrowser" time="2.587" classname="com.kodiak.qa.testsuites.WindowClientAssignContactsFilterData"/>
  <testcase name="windowClient_VerifySelectedcontactAvailableInManageIndividualContacts" time="72.576" classname="com.kodiak.qa.testsuites.WindowClientAssignContactsFilterData"/>
  <testcase name="windowClient_VerifyWindowsDesktopClientOnAssignContactsPopup" time="25.494" classname="com.kodiak.qa.testsuites.WindowClientAssignContactsFilterData"/>
  <testcase name="windowClient_VerifyWifiClientOnAssignContactsPopup" time="29.026" classname="com.kodiak.qa.testsuites.WindowClientAssignContactsFilterData"/>
  <testcase name="windowClient_VerifyDispatcherClientOnAssignContacsPopup" time="85.571" classname="com.kodiak.qa.testsuites.WindowClientAssignContactsFilterData"/>
  <testcase name="windowClient_VerifyNeedsAttentionClientOnAssignContacsPopup" time="25.759" classname="com.kodiak.qa.testsuites.WindowClientAssignContactsFilterData"/>
  <testcase name="Kodiak_CAT_LaunchingUsingFANId" time="99.810" classname="com.kodiak.qa.testsuites.WindowClientAssignContactsFilterData"/>
  <testcase name="windowClient_VerifyThirdPartyApplicationClientOnAssignContactsPopup" time="25.606" classname="com.kodiak.qa.testsuites.WindowClientAssignContactsFilterData"/>
  <testcase name="windowClient_VerifyExternalClientOnAssignContactsPopup" time="15.550" classname="com.kodiak.qa.testsuites.WindowClientAssignContactsFilterData"/>
  <testcase name="windowClient_VerifyCrossCarrierClientOnAssignContactsPopup" time="20.435" classname="com.kodiak.qa.testsuites.WindowClientAssignContactsFilterData"/>
  <testcase name="windowClient_SelectedSubscriberConatctInWorkArea" time="69.613" classname="com.kodiak.qa.testsuites.WindowClientAssignContactsFilterData"/>
  <testcase name="windowClient_VerifySuMdnContactsPopup" time="20.481" classname="com.kodiak.qa.testsuites.WindowClientAssignContactsFilterData"/>
</testsuite> <!-- com.kodiak.qa.testsuites.WindowClientAssignContactsFilterData -->
