<?xml version="1.0" encoding="UTF-8"?>
<!-- Generated by org.testng.reporters.JUnitReportReporter -->
<testsuite hostname="Admin-PC" name="com.kodiak.qa.testsuites.DispatcherFunctionalityValidation" tests="26" failures="0" timestamp="26 Sep 2016 23:11:48 GMT" time="818.439" errors="0">
  <testcase name="Kodiak_ValidatingCancelButtonAfterSelectingManageContactsViaSubListTab" time="16.195" classname="com.kodiak.qa.testsuites.DispatcherFunctionalityValidation"/>
  <testcase name="Kodiak_ValidatingUndoAfterRemoveAllLabel" time="78.299" classname="com.kodiak.qa.testsuites.DispatcherFunctionalityValidation"/>
  <testcase name="Kodiak_ValidatingDisabledAllFilterIfNoConatcts" time="12.075" classname="com.kodiak.qa.testsuites.DispatcherFunctionalityValidation"/>
  <testcase name="Kodiak_validatingTotalCountAfterRemove" time="16.265" classname="com.kodiak.qa.testsuites.DispatcherFunctionalityValidation"/>
  <testcase name="Kodiak_ValidatingDisabledAllFilterAfterSelectingManageContactsViaSubListTabIfNoConatcts" time="12.093" classname="com.kodiak.qa.testsuites.DispatcherFunctionalityValidation"/>
  <testcase name="dispatcher_SelectedSubscriberConatctInWorkArea" time="68.968" classname="com.kodiak.qa.testsuites.DispatcherFunctionalityValidation"/>
  <testcase name="Kodiak_ValidatingDisabledStateOfSearchInputFieldAfterSelectingViewAllContactTab" time="12.071" classname="com.kodiak.qa.testsuites.DispatcherFunctionalityValidation"/>
  <testcase name="Kodiak_ValidatingUndoIconChangeToRemoveIconAfterClick" time="28.388" classname="com.kodiak.qa.testsuites.DispatcherFunctionalityValidation"/>
  <testcase name="Kodiak_CAT_LaunchingUsingFANId" time="98.352" classname="com.kodiak.qa.testsuites.DispatcherFunctionalityValidation"/>
  <testcase name="Kodiak_ValidatingTotalCountAfterClickOnUndoIcon" time="31.667" classname="com.kodiak.qa.testsuites.DispatcherFunctionalityValidation"/>
  <testcase name="Kodiak_ValidatingTotalCountInWorkAreaAfterSelectingViewAllContactTabForSubscriberithNoContacts" time="34.408" classname="com.kodiak.qa.testsuites.DispatcherFunctionalityValidation"/>
  <testcase name="Kodiak_ValidatingDisabledAdvancedStateOfSearchInputFieldAfterSelectingViewAllContactTab" time="12.081" classname="com.kodiak.qa.testsuites.DispatcherFunctionalityValidation"/>
  <testcase name="Kodiak_ValidatingRemoveAllMaxLimitWarningMessage" time="159.902" classname="com.kodiak.qa.testsuites.DispatcherFunctionalityValidation"/>
  <testcase name="Kodiak_ValidatingDisabledAdvancedStateOfSearchInputField" time="12.112" classname="com.kodiak.qa.testsuites.DispatcherFunctionalityValidation"/>
  <testcase name="Kodiak_ValidatingRemoveIconChangeToUndoIconAfterClick" time="33.546" classname="com.kodiak.qa.testsuites.DispatcherFunctionalityValidation"/>
  <testcase name="Kodiak_ValidatingTotalCountInWorkAreaAfterSelectingDisaptcherWithNoContacts" time="55.761" classname="com.kodiak.qa.testsuites.DispatcherFunctionalityValidation"/>
  <testcase name="Kodiak_ValidatingCancelButtonAfterSelectingViewAllContactTab" time="12.608" classname="com.kodiak.qa.testsuites.DispatcherFunctionalityValidation"/>
  <testcase name="Kodiak_ValidatingCancelButtonManageIndividualContacts" time="16.240" classname="com.kodiak.qa.testsuites.DispatcherFunctionalityValidation"/>
  <testcase name="Kodiak_ValidatingDisabledSaveButtonIfNoConatcts" time="13.119" classname="com.kodiak.qa.testsuites.DispatcherFunctionalityValidation"/>
  <testcase name="Kodiak_ValidatingDisabledSaveButtonIfNoConatctsAfterSelectingViewAllContactTab" time="13.170" classname="com.kodiak.qa.testsuites.DispatcherFunctionalityValidation"/>
  <testcase name="validatingCloseBrowser" time="2.383" classname="com.kodiak.qa.testsuites.DispatcherFunctionalityValidation"/>
  <testcase name="Kodiak_ValidatingDisabledAllFilterIfNoConatctsAfterSelectingViewAllContactTab" time="12.071" classname="com.kodiak.qa.testsuites.DispatcherFunctionalityValidation"/>
  <testcase name="Kodiak_ValidatingTotalCountInWorkAreaAfterSelectingManageContactsViaSubListTabForDispatcherWithNoContacts" time="28.434" classname="com.kodiak.qa.testsuites.DispatcherFunctionalityValidation"/>
  <testcase name="Kodiak_ValidatingDisabledSaveButtonAfterSelectingManageContactsViaSubListTabIfNoConatcts" time="13.072" classname="com.kodiak.qa.testsuites.DispatcherFunctionalityValidation"/>
  <testcase name="Kodiak_ValidatingDisabledStateOfSearchInputField" time="12.060" classname="com.kodiak.qa.testsuites.DispatcherFunctionalityValidation"/>
  <testcase name="Kodiak_ValidatingDisabledStateOfSearchInputFieldAfterSelectingManageContactsViaSubListTab" time="13.099" classname="com.kodiak.qa.testsuites.DispatcherFunctionalityValidation"/>
</testsuite> <!-- com.kodiak.qa.testsuites.DispatcherFunctionalityValidation -->
