<?xml version="1.0" encoding="UTF-8"?>
<!-- Generated by org.testng.reporters.JUnitReportReporter -->
<testsuite hostname="Admin-PC" name="com.kodiak.qa.testsuites.WiFiClientProfileValidation" tests="21" failures="0" timestamp="26 Sep 2016 23:11:48 GMT" time="1000.578" errors="0">
  <testcase name="Kodiak_CAT_LaunchingUsingFANId" time="98.327" classname="com.kodiak.qa.testsuites.WiFiClientProfileValidation"/>
  <testcase name="wiFi_ValidatingWiFiRecords" time="43.791" classname="com.kodiak.qa.testsuites.WiFiClientProfileValidation"/>
  <testcase name="wiFi_ValidatingWiFiBillingPhoneNumber" time="14.081" classname="com.kodiak.qa.testsuites.WiFiClientProfileValidation"/>
  <testcase name="wiFi_ValidatingAlphanumericWiFiName" time="31.385" classname="com.kodiak.qa.testsuites.WiFiClientProfileValidation"/>
  <testcase name="validatingCloseBrowser" time="2.353" classname="com.kodiak.qa.testsuites.WiFiClientProfileValidation"/>
  <testcase name="wiFi_ValidatingWiFiPhoneNumber" time="45.405" classname="com.kodiak.qa.testsuites.WiFiClientProfileValidation"/>
  <testcase name="wiFi_ValidatingWiFiWithoutName" time="43.993" classname="com.kodiak.qa.testsuites.WiFiClientProfileValidation"/>
  <testcase name="wiFi_ValidatingWiFiIconToolTip" time="47.680" classname="com.kodiak.qa.testsuites.WiFiClientProfileValidation"/>
  <testcase name="wiFi_ValidatingWiFiName" time="46.873" classname="com.kodiak.qa.testsuites.WiFiClientProfileValidation"/>
  <testcase name="wiFi_ValidatingWiFiEmail" time="61.918" classname="com.kodiak.qa.testsuites.WiFiClientProfileValidation"/>
  <testcase name="wiFi_SelectedSubscriberConatctInWorkArea" time="68.854" classname="com.kodiak.qa.testsuites.WiFiClientProfileValidation"/>
  <testcase name="wiFi_ValidatingTotalGroupCountInWorkAreaAfterSelectingViewGroupTabForWiFi" time="64.158" classname="com.kodiak.qa.testsuites.WiFiClientProfileValidation"/>
  <testcase name="wiFi_ValidatingSubscriberType" time="96.671" classname="com.kodiak.qa.testsuites.WiFiClientProfileValidation"/>
  <testcase name="wiFi_ValidatingWiFiWithoutEmail" time="43.874" classname="com.kodiak.qa.testsuites.WiFiClientProfileValidation"/>
  <testcase name="wiFi_ValidatingTotalCountInWorkAreaAfterSelectingViewAllContactTabForWiFi" time="17.263" classname="com.kodiak.qa.testsuites.WiFiClientProfileValidation"/>
  <testcase name="wiFi_ValidatingChangedWiFiEmail" time="133.994" classname="com.kodiak.qa.testsuites.WiFiClientProfileValidation"/>
  <testcase name="wiFi_ValidatingChangedWiFiName" time="87.270" classname="com.kodiak.qa.testsuites.WiFiClientProfileValidation"/>
  <testcase name="wiFi_ValidatingTotalCountInWorkAreaAfterSelectingDisaptcherInMasterList" time="18.258" classname="com.kodiak.qa.testsuites.WiFiClientProfileValidation"/>
  <testcase name="wiFi_ValidatingWiFiState" time="8.105" classname="com.kodiak.qa.testsuites.WiFiClientProfileValidation"/>
  <testcase name="wiFi_ValidatingClientType" time="9.075" classname="com.kodiak.qa.testsuites.WiFiClientProfileValidation"/>
  <testcase name="wiFi_ValidatingTotalCountInWorkAreaAfterSelectingManageContactsViaSubListTabForWiFi" time="17.250" classname="com.kodiak.qa.testsuites.WiFiClientProfileValidation"/>
</testsuite> <!-- com.kodiak.qa.testsuites.WiFiClientProfileValidation -->
