<?xml version="1.0" encoding="UTF-8"?>
<!-- Generated by org.testng.reporters.JUnitReportReporter -->
<testsuite hostname="Sairam" name="isteer.qa.test.Kodiac.sampleTestSuite" tests="1" failures="0" timestamp="13 Jul 2015 18:31:31 GMT" time="0.098" errors="0">
  <testcase name="sampleTest" time="0.098" classname="isteer.qa.test.Kodiac.sampleTestSuite"/>
</testsuite> <!-- isteer.qa.test.Kodiac.sampleTestSuite -->
