<?xml version="1.0" encoding="UTF-8"?>
<!-- Generated by org.testng.reporters.JUnitReportReporter -->
<testsuite hostname="admin-PC" name="com.kodiak.qa.testsuites.WindowClientGroupFunctionality" tests="4" failures="0" timestamp="24 Sep 2015 12:08:05 GMT" time="84.789" errors="0">
  <testcase name="Kodiak_CAT_2_LaunchingUsingFANId" time="55.608" classname="com.kodiak.qa.testsuites.WindowClientGroupFunctionality"/>
  <testcase name="validatingViewGroupsFilterWindowClientGroupsList" time="18.609" classname="com.kodiak.qa.testsuites.WindowClientGroupFunctionality"/>
  <testcase name="closingBrowser" time="0.507" classname="com.kodiak.qa.testsuites.WindowClientGroupFunctionality"/>
  <testcase name="validatingEnableTalkGroupScanningForWindowClient" time="10.065" classname="com.kodiak.qa.testsuites.WindowClientGroupFunctionality"/>
</testsuite> <!-- com.kodiak.qa.testsuites.WindowClientGroupFunctionality -->
