<?xml version="1.0" encoding="UTF-8"?>
<!-- Generated by org.testng.reporters.JUnitReportReporter -->
<testsuite hostname="admin-PC" name="com.kodiak.qa.testsuites.ThirdPartyAssignContactsFilterData" tests="12" failures="0" timestamp="25 Apr 2016 03:15:41 GMT" time="483.446" errors="0">
  <testcase name="thirdParty_VerifyThirdPartyApplicationClientOnAssignContactsPopup" time="25.469" classname="com.kodiak.qa.testsuites.ThirdPartyAssignContactsFilterData"/>
  <testcase name="thirdParty_VerifySelectedcontactAvailableInManageIndividualContacts" time="68.517" classname="com.kodiak.qa.testsuites.ThirdPartyAssignContactsFilterData"/>
  <testcase name="thirdParty_VerifyWifiClientOnAssignContactsPopup" time="28.982" classname="com.kodiak.qa.testsuites.ThirdPartyAssignContactsFilterData"/>
  <testcase name="thirdParty_VerifyWindowsDesktopClientOnAssignContactsPopup" time="25.444" classname="com.kodiak.qa.testsuites.ThirdPartyAssignContactsFilterData"/>
  <testcase name="thirdParty_VerifyExternalClientOnAssignContactsPopup" time="15.477" classname="com.kodiak.qa.testsuites.ThirdPartyAssignContactsFilterData"/>
  <testcase name="thirdParty_VerifyNeedsAttentionClientOnAssignContacsPopup" time="25.630" classname="com.kodiak.qa.testsuites.ThirdPartyAssignContactsFilterData"/>
  <testcase name="thirdParty_SelectedSubscriberConatctInWorkArea" time="69.120" classname="com.kodiak.qa.testsuites.ThirdPartyAssignContactsFilterData"/>
  <testcase name="thirdParty_VerifySuMdnContactsPopup" time="20.644" classname="com.kodiak.qa.testsuites.ThirdPartyAssignContactsFilterData"/>
  <testcase name="thirdParty_VerifyDispatcherClientOnAssignContacsPopup" time="81.169" classname="com.kodiak.qa.testsuites.ThirdPartyAssignContactsFilterData"/>
  <testcase name="validatingCloseBrowser" time="3.235" classname="com.kodiak.qa.testsuites.ThirdPartyAssignContactsFilterData"/>
  <testcase name="thirdParty_VerifyCrossCarrierClientOnAssignContactsPopup" time="20.462" classname="com.kodiak.qa.testsuites.ThirdPartyAssignContactsFilterData"/>
  <testcase name="Kodiak_CAT_LaunchingUsingFANId" time="99.297" classname="com.kodiak.qa.testsuites.ThirdPartyAssignContactsFilterData"/>
</testsuite> <!-- com.kodiak.qa.testsuites.ThirdPartyAssignContactsFilterData -->
