<?xml version="1.0" encoding="UTF-8"?>
<!-- Generated by org.testng.reporters.JUnitReportReporter -->
<testsuite hostname="admin-PC" name="com.kodiak.qa.testsuites.AdvancedSearch" tests="6" failures="0" timestamp="15 Oct 2015 05:54:47 GMT" time="141.009" errors="0">
  <testcase name="validatingSubscriberValidNameAdvancedSearchResult" time="7.784" classname="com.kodiak.qa.testsuites.AdvancedSearch"/>
  <testcase name="Kodiak_CAT_2_LaunchingUsingFANId" time="77.887" classname="com.kodiak.qa.testsuites.AdvancedSearch"/>
  <testcase name="validatingInvalidMdnNameForManageIndividualContactsAdvanceSearch" time="20.874" classname="com.kodiak.qa.testsuites.AdvancedSearch"/>
  <testcase name="verifyInvalidMdnNameForViewAllContactsAdvanceSearch" time="5.554" classname="com.kodiak.qa.testsuites.AdvancedSearch"/>
  <testcase name="ValidatingsubscriberInvalidNameAdvancedSearchResult" time="4.867" classname="com.kodiak.qa.testsuites.AdvancedSearch"/>
  <testcase name="validatingInvalidMdnNameForPickContactsAdvanceSearch" time="24.043" classname="com.kodiak.qa.testsuites.AdvancedSearch"/>
</testsuite> <!-- com.kodiak.qa.testsuites.AdvancedSearch -->
