<?xml version="1.0" encoding="UTF-8"?>
<!-- Generated by org.testng.reporters.JUnitReportReporter -->
<testsuite hostname="Admin-PC" name="com.git.qa.testsuites.gitLoginWithInvalidAndValid" tests="3" failures="0" timestamp="21 Nov 2016 10:00:13 GMT" time="60.211" errors="0">
  <testcase name="launchGITSuccessfully" time="34.102" classname="com.git.qa.testsuites.gitLoginWithInvalidAndValid"/>
  <testcase name="launchGITUnsuccessful" time="24.094" classname="com.git.qa.testsuites.gitLoginWithInvalidAndValid"/>
  <testcase name="validatingCloseBrowser" time="2.015" classname="com.git.qa.testsuites.gitLoginWithInvalidAndValid"/>
</testsuite> <!-- com.git.qa.testsuites.gitLoginWithInvalidAndValid -->
