<?xml version="1.0" encoding="UTF-8"?>
<!-- Generated by org.testng.reporters.JUnitReportReporter -->
<testsuite hostname="Admin-PC" name="com.kodiak.qa.testsuites.ExternalContact" tests="8" failures="0" timestamp="26 Sep 2016 15:03:03 GMT" time="351.392" errors="0">
  <testcase name="Kodiak_CAT_2_LaunchingUsingFANId" time="98.298" classname="com.kodiak.qa.testsuites.ExternalContact"/>
  <testcase name="validatingExternalContactDuplicateError" time="64.951" classname="com.kodiak.qa.testsuites.ExternalContact"/>
  <testcase name="validatingExternalContactImageIcon" time="29.238" classname="com.kodiak.qa.testsuites.ExternalContact"/>
  <testcase name="validatingExternalContactInvalidError" time="53.828" classname="com.kodiak.qa.testsuites.ExternalContact"/>
  <testcase name="validatingCloseBrowser" time="2.489" classname="com.kodiak.qa.testsuites.ExternalContact"/>
  <testcase name="validatingExternalContactNameModification" time="60.820" classname="com.kodiak.qa.testsuites.ExternalContact"/>
  <testcase name="validatingExternalContactHelpText" time="8.093" classname="com.kodiak.qa.testsuites.ExternalContact"/>
  <testcase name="validatingExternalContactCountInMasterListAndWorkArea" time="33.675" classname="com.kodiak.qa.testsuites.ExternalContact"/>
</testsuite> <!-- com.kodiak.qa.testsuites.ExternalContact -->
