<?xml version="1.0" encoding="UTF-8"?>
<!-- Generated by org.testng.reporters.JUnitReportReporter -->
<testsuite hostname="admin-PC" name="com.kodiak.qa.testsuites.ThirdPartyGroupFunctionality" tests="4" failures="0" timestamp="24 Sep 2015 12:05:29 GMT" time="84.279" errors="0">
  <testcase name="Kodiak_CAT_2_LaunchingUsingFANId" time="55.456" classname="com.kodiak.qa.testsuites.ThirdPartyGroupFunctionality"/>
  <testcase name="validatingViewGroupsFilterThirdPartyClientGroupsList" time="18.210" classname="com.kodiak.qa.testsuites.ThirdPartyGroupFunctionality"/>
  <testcase name="closingBrowser" time="0.507" classname="com.kodiak.qa.testsuites.ThirdPartyGroupFunctionality"/>
  <testcase name="validatingEnableTalkGroupScanningForThirdPartyClient" time="10.106" classname="com.kodiak.qa.testsuites.ThirdPartyGroupFunctionality"/>
</testsuite> <!-- com.kodiak.qa.testsuites.ThirdPartyGroupFunctionality -->
