<?xml version="1.0" encoding="UTF-8"?>
<!-- Generated by org.testng.reporters.JUnitReportReporter -->
<testsuite hostname="admin-PC" name="com.kodiak.qa.testsuites.WindowClientFunctionalityValidationManageIndividualList" tests="12" failures="0" timestamp="24 Apr 2016 19:24:22 GMT" time="772.674" errors="0">
  <testcase name="windowClient_VerifyingStateOfRemovedMDN" time="98.101" classname="com.kodiak.qa.testsuites.WindowClientFunctionalityValidationManageIndividualList"/>
  <testcase name="windowClient_VerifyingStateOfRemoveIcon" time="109.650" classname="com.kodiak.qa.testsuites.WindowClientFunctionalityValidationManageIndividualList"/>
  <testcase name="windowClient_VerifyingStateOfRemoveIconAfterCancelAndOk" time="57.951" classname="com.kodiak.qa.testsuites.WindowClientFunctionalityValidationManageIndividualList"/>
  <testcase name="windowClient_VerifyingRemovedMdnInAssignContactsPopup" time="81.326" classname="com.kodiak.qa.testsuites.WindowClientFunctionalityValidationManageIndividualList"/>
  <testcase name="Kodiak_CAT_LaunchingUsingFANId" time="99.991" classname="com.kodiak.qa.testsuites.WindowClientFunctionalityValidationManageIndividualList"/>
  <testcase name="validatingCloseBrowser" time="2.858" classname="com.kodiak.qa.testsuites.WindowClientFunctionalityValidationManageIndividualList"/>
  <testcase name="windowClient_VerifyingPickContactDonebutton" time="63.872" classname="com.kodiak.qa.testsuites.WindowClientFunctionalityValidationManageIndividualList"/>
  <testcase name="windowClient_SelectedSubscriberConatctInWorkArea" time="69.644" classname="com.kodiak.qa.testsuites.WindowClientFunctionalityValidationManageIndividualList"/>
  <testcase name="windowClient_VerifyingStateOfUndoIconAfterCancelAndCancel" time="23.848" classname="com.kodiak.qa.testsuites.WindowClientFunctionalityValidationManageIndividualList"/>
  <testcase name="windowClient_VerifyingPickContactCancelbutton" time="75.275" classname="com.kodiak.qa.testsuites.WindowClientFunctionalityValidationManageIndividualList"/>
  <testcase name="windowClient_VerifyingPickContactWindowDoneButton" time="75.787" classname="com.kodiak.qa.testsuites.WindowClientFunctionalityValidationManageIndividualList"/>
  <testcase name="windowClient_VerifyingPickContactClosebutton" time="14.371" classname="com.kodiak.qa.testsuites.WindowClientFunctionalityValidationManageIndividualList"/>
</testsuite> <!-- com.kodiak.qa.testsuites.WindowClientFunctionalityValidationManageIndividualList -->
