<?xml version="1.0" encoding="UTF-8"?>
<!-- Generated by org.testng.reporters.JUnitReportReporter -->
<testsuite hostname="admin-PC" name="isteer.qa.test.kodiak.testsuites.DispatcherFunctionalityValidationManageIndividualList" tests="10" failures="0" timestamp="14 Sep 2015 11:22:21 GMT" time="204.278" errors="0">
  <testcase name="verifyingPickContactClosebutton" time="0.235" classname="isteer.qa.test.kodiak.testsuites.DispatcherFunctionalityValidationManageIndividualList"/>
  <testcase name="Kodiak_CAT_2_LaunchingUsingFANId" time="55.183" classname="isteer.qa.test.kodiak.testsuites.DispatcherFunctionalityValidationManageIndividualList"/>
  <testcase name="verifyingRemovedMdnInAssignContactsPopup" time="22.530" classname="isteer.qa.test.kodiak.testsuites.DispatcherFunctionalityValidationManageIndividualList"/>
  <testcase name="verifyingPickContactWindowDoneButton" time="19.010" classname="isteer.qa.test.kodiak.testsuites.DispatcherFunctionalityValidationManageIndividualList"/>
  <testcase name="verifyingPickContactCancelbutton" time="22.472" classname="isteer.qa.test.kodiak.testsuites.DispatcherFunctionalityValidationManageIndividualList"/>
  <testcase name="verifyingStateOfUndoIconAfterCancelAndCancel" time="14.463" classname="isteer.qa.test.kodiak.testsuites.DispatcherFunctionalityValidationManageIndividualList"/>
  <testcase name="verifyingStateOfRemoveIconAfterCancelAndOk" time="19.436" classname="isteer.qa.test.kodiak.testsuites.DispatcherFunctionalityValidationManageIndividualList"/>
  <testcase name="verifyingStateOfRemovedMDN" time="22.640" classname="isteer.qa.test.kodiak.testsuites.DispatcherFunctionalityValidationManageIndividualList"/>
  <testcase name="verifyingStateOfRemoveIcon" time="2.661" classname="isteer.qa.test.kodiak.testsuites.DispatcherFunctionalityValidationManageIndividualList"/>
  <testcase name="verifyingPickContactDonebutton" time="25.648" classname="isteer.qa.test.kodiak.testsuites.DispatcherFunctionalityValidationManageIndividualList"/>
</testsuite> <!-- isteer.qa.test.kodiak.testsuites.DispatcherFunctionalityValidationManageIndividualList -->
