<?xml version="1.0" encoding="UTF-8"?>
<!-- Generated by org.testng.reporters.JUnitReportReporter -->
<testsuite hostname="Admin-PC" name="com.kodiak.qa.testsuites.CrossCarrierPTTAssignContactsFilterData" tests="11" failures="0" timestamp="26 Sep 2016 23:11:48 GMT" time="453.481" errors="0">
  <testcase name="crossCarrier_SelectedSubscriberContactInWorkArea" time="74.844" classname="com.kodiak.qa.testsuites.CrossCarrierPTTAssignContactsFilterData"/>
  <testcase name="crossCarrier_VerifyExternalClientOnAssignContactsPopup" time="15.551" classname="com.kodiak.qa.testsuites.CrossCarrierPTTAssignContactsFilterData"/>
  <testcase name="Kodiak_CAT_LaunchingUsingFANId" time="98.337" classname="com.kodiak.qa.testsuites.CrossCarrierPTTAssignContactsFilterData"/>
  <testcase name="crossCarrier_VerifyCrossCarrierClientOnAssignContactsPopup" time="20.555" classname="com.kodiak.qa.testsuites.CrossCarrierPTTAssignContactsFilterData"/>
  <testcase name="crossCarrier_VerifyThirdPartyApplicationClientOnAssignContactsPopup" time="25.625" classname="com.kodiak.qa.testsuites.CrossCarrierPTTAssignContactsFilterData"/>
  <testcase name="validatingCloseBrowser" time="2.465" classname="com.kodiak.qa.testsuites.CrossCarrierPTTAssignContactsFilterData"/>
  <testcase name="crossCarrier_VerifyNeedsAttentionClientOnAssignContacsPopup" time="25.642" classname="com.kodiak.qa.testsuites.CrossCarrierPTTAssignContactsFilterData"/>
  <testcase name="crossCarrier_VerifyWifiClientOnAssignContactsPopup" time="28.970" classname="com.kodiak.qa.testsuites.CrossCarrierPTTAssignContactsFilterData"/>
  <testcase name="crossCarrier_VerifySelectedcontactAvailableInManageIndividualContacts" time="72.108" classname="com.kodiak.qa.testsuites.CrossCarrierPTTAssignContactsFilterData"/>
  <testcase name="crossCarrier_VerifySuMdnContactsPopup" time="20.582" classname="com.kodiak.qa.testsuites.CrossCarrierPTTAssignContactsFilterData"/>
  <testcase name="crossCarrier_VerifyDispatcherClientOnAssignContacsPopup" time="68.802" classname="com.kodiak.qa.testsuites.CrossCarrierPTTAssignContactsFilterData"/>
</testsuite> <!-- com.kodiak.qa.testsuites.CrossCarrierPTTAssignContactsFilterData -->
