<?xml version="1.0" encoding="UTF-8"?>
<!-- Generated by org.testng.reporters.JUnitReportReporter -->
<testsuite hostname="admin-PC" name="isteer.qa.test.kodiak.testsuites.Kodiak_CAT_AssignContacts_Filter_Data" tests="13" failures="0" timestamp="14 Sep 2015 11:22:21 GMT" time="320.970" errors="0">
  <testcase name="verifyDispatcherClientOnAssignContacsPopup" time="39.311" classname="isteer.qa.test.kodiak.testsuites.Kodiak_CAT_AssignContacts_Filter_Data"/>
  <testcase name="verifySgMdnInAssignContactsPopup" time="8.796" classname="isteer.qa.test.kodiak.testsuites.Kodiak_CAT_AssignContacts_Filter_Data"/>
  <testcase name="Kodiak_CAT_2_LaunchingUsingFANId" time="55.169" classname="isteer.qa.test.kodiak.testsuites.Kodiak_CAT_AssignContacts_Filter_Data"/>
  <testcase name="verifySuMdnContactsPopup" time="20.774" classname="isteer.qa.test.kodiak.testsuites.Kodiak_CAT_AssignContacts_Filter_Data"/>
  <testcase name="verifyInterOPInAssignContactsPopup" time="27.291" classname="isteer.qa.test.kodiak.testsuites.Kodiak_CAT_AssignContacts_Filter_Data"/>
  <testcase name="verifySelectedcontactAvailableInManageIndividualContacts" time="26.951" classname="isteer.qa.test.kodiak.testsuites.Kodiak_CAT_AssignContacts_Filter_Data"/>
  <testcase name="verifyCrossCarrierClientOnAssignContactsPopup" time="20.679" classname="isteer.qa.test.kodiak.testsuites.Kodiak_CAT_AssignContacts_Filter_Data"/>
  <testcase name="verifyWifiClientOnAssignContactsPopup" time="29.029" classname="isteer.qa.test.kodiak.testsuites.Kodiak_CAT_AssignContacts_Filter_Data"/>
  <testcase name="verifyThirdPartyApplicationClientOnAssignContactsPopup" time="25.521" classname="isteer.qa.test.kodiak.testsuites.Kodiak_CAT_AssignContacts_Filter_Data"/>
  <testcase name="verifyNeedsAttentionClientOnAssignContacsPopup" time="25.815" classname="isteer.qa.test.kodiak.testsuites.Kodiak_CAT_AssignContacts_Filter_Data"/>
  <testcase name="closingBrowserForAssignContactFilter" time="0.461" classname="isteer.qa.test.kodiak.testsuites.Kodiak_CAT_AssignContacts_Filter_Data"/>
  <testcase name="verifyExternalClientOnAssignContactsPopup" time="15.651" classname="isteer.qa.test.kodiak.testsuites.Kodiak_CAT_AssignContacts_Filter_Data"/>
  <testcase name="verifyWindowsDesktopClientOnAssignContactsPopup" time="25.522" classname="isteer.qa.test.kodiak.testsuites.Kodiak_CAT_AssignContacts_Filter_Data"/>
</testsuite> <!-- isteer.qa.test.kodiak.testsuites.Kodiak_CAT_AssignContacts_Filter_Data -->
