<?xml version="1.0" encoding="UTF-8"?>
<!-- Generated by org.testng.reporters.JUnitReportReporter -->
<testsuite hostname="admin-PC" name="com.kodiak.qa.testsuites.SuPhoneNumberValidation" tests="3" failures="0" timestamp="4 Nov 2015 07:42:33 GMT" time="46.586" errors="0">
  <testcase name="launchWithSamlFile" time="1.825" classname="com.kodiak.qa.testsuites.SuPhoneNumberValidation"/>
  <testcase name="validatingGatIconOnCatHomePage" time="32.621" classname="com.kodiak.qa.testsuites.SuPhoneNumberValidation"/>
  <testcase name="validatingSuSgPhoneNumberHelpText" time="12.140" classname="com.kodiak.qa.testsuites.SuPhoneNumberValidation"/>
</testsuite> <!-- com.kodiak.qa.testsuites.SuPhoneNumberValidation -->
