<?xml version="1.0" encoding="UTF-8"?>
<!-- Generated by org.testng.reporters.JUnitReportReporter -->
<testsuite hostname="Sairam" name="isteer.qa.common.WebDriverBase" tests="1" failures="0" timestamp="9 Jul 2015 17:41:23 GMT" time="0.026" errors="0">
  <testcase name="testme" time="0.026" classname="isteer.qa.common.WebDriverBase"/>
</testsuite> <!-- isteer.qa.common.WebDriverBase -->
