<?xml version="1.0" encoding="UTF-8"?>
<!-- Generated by org.testng.reporters.JUnitReportReporter -->
<testsuite hostname="Admin-PC" name="com.kodiak.qa.testsuites.GenerateActivationCode" tests="25" failures="0" timestamp="26 Sep 2016 15:49:24 GMT" time="2586.609" errors="0">
  <testcase name="validatingEmailActivationCodeAndSendMailForAllEmailIdAvailable" time="36.369" classname="com.kodiak.qa.testsuites.GenerateActivationCode"/>
  <testcase name="validatingNameFieldAndSaveButtonAfterGenerateActivationCodeAndEmailSent" time="85.101" classname="com.kodiak.qa.testsuites.GenerateActivationCode"/>
  <testcase name="validatingGenerateActivationCodeWarningMessageForExternalContactAndLMRGroup" time="144.060" classname="com.kodiak.qa.testsuites.GenerateActivationCode"/>
  <testcase name="validatingGenerateActivationCodeWarningMessageForExternalContactAndLMRSubscriber" time="136.994" classname="com.kodiak.qa.testsuites.GenerateActivationCode"/>
  <testcase name="validatingGenerateActivationCodeWarningMessageForWiFiAndExternalContact" time="138.324" classname="com.kodiak.qa.testsuites.GenerateActivationCode"/>
  <testcase name="verifyEmailFieldAndSaveButtonAfterGenerateActivationCodeAndEmailSent" time="85.103" classname="com.kodiak.qa.testsuites.GenerateActivationCode"/>
  <testcase name="validatingGenerateActivationCodeWarningMessageForLMRSubscriberAndCrossCarrier" time="147.755" classname="com.kodiak.qa.testsuites.GenerateActivationCode"/>
  <testcase name="dispatcher_SelectedSubscriberConatctInWorkArea" time="68.938" classname="com.kodiak.qa.testsuites.GenerateActivationCode"/>
  <testcase name="validatingCloseBrowser" time="2.747" classname="com.kodiak.qa.testsuites.GenerateActivationCode"/>
  <testcase name="validatingChangedEmailIdAndSaveButtonAfterAssigningContactAndClickingOnGenerateEmailActivationCodeAndWarningCancelButton" time="167.050" classname="com.kodiak.qa.testsuites.GenerateActivationCode"/>
  <testcase name="validatingEmailIdAndSaveButtonAfterClickingOnEmailActivationCodeAndSendMailForSelectedSubscriber" time="135.024" classname="com.kodiak.qa.testsuites.GenerateActivationCode"/>
  <testcase name="validatingUpdatedCorporateTypeAndSaveButtonAfterEmailActivationCodeAndEmailSent" time="142.490" classname="com.kodiak.qa.testsuites.GenerateActivationCode"/>
  <testcase name="validatingGenerateActivationCodeForSubscriber" time="99.299" classname="com.kodiak.qa.testsuites.GenerateActivationCode"/>
  <testcase name="validatingGenerateActivationCodeWithMultipleLMRSubscriber" time="106.256" classname="com.kodiak.qa.testsuites.GenerateActivationCode"/>
  <testcase name="validatingEmailActivationCodeAfterRemovingTheEmailIdFromTheSelectedSubscriberAndAfterClickingOnGenerateActivationCode" time="22.322" classname="com.kodiak.qa.testsuites.GenerateActivationCode"/>
  <testcase name="validatingClientTypeAndSaveButtonAfterGenerateActivationCodeAndEmailSent" time="88.372" classname="com.kodiak.qa.testsuites.GenerateActivationCode"/>
  <testcase name="Kodiak_CAT_LaunchingUsingFANId" time="98.462" classname="com.kodiak.qa.testsuites.GenerateActivationCode"/>
  <testcase name="validatingNameFieldAndSaveButtonAfterEmailActivationCodeAndEmailSent" time="98.194" classname="com.kodiak.qa.testsuites.GenerateActivationCode"/>
  <testcase name="validatingverifyGenerateActivationCodeWithMultipleExternalContact" time="97.521" classname="com.kodiak.qa.testsuites.GenerateActivationCode"/>
  <testcase name="validatingGenerateActivationCodeWarningMessageForLMRGroupAndLMRSubscriber" time="137.253" classname="com.kodiak.qa.testsuites.GenerateActivationCode"/>
  <testcase name="verifyChangedEmailIdAndSaveButtonAfterClickOnEmailActivationCodeAndEmailSentCancelButton" time="77.662" classname="com.kodiak.qa.testsuites.GenerateActivationCode"/>
  <testcase name="validatingEmailIdAndSaveButtonAfterChangingEmailandClickOnCancelButtonForGenerateActivationCodeWarningPopup" time="132.801" classname="com.kodiak.qa.testsuites.GenerateActivationCode"/>
  <testcase name="validatingGenerateActivationCodeWithMultipleLMRGroup" time="106.627" classname="com.kodiak.qa.testsuites.GenerateActivationCode"/>
  <testcase name="validatingGenerateActivationCodeWarningMessageForLMRSubscriberAndWiFi" time="147.488" classname="com.kodiak.qa.testsuites.GenerateActivationCode"/>
  <testcase name="validatingErrorMessageAfterRemovingTheEmailIdFromTheSelectedSubscriber" time="84.397" classname="com.kodiak.qa.testsuites.GenerateActivationCode"/>
</testsuite> <!-- com.kodiak.qa.testsuites.GenerateActivationCode -->
