<?xml version="1.0" encoding="UTF-8"?>
<!-- Generated by org.testng.reporters.JUnitReportReporter -->
<testsuite hostname="Admin-PC" name="com.kodiak.qa.testsuites.InterOpNeedAttnCATExit" tests="9" failures="0" timestamp="29 May 2016 01:15:14 GMT" time="456.982" errors="0">
  <testcase name="interOp_verifyInterOpGroupIsNotShownWhenInterOpClientisRemoved" time="57.057" classname="com.kodiak.qa.testsuites.InterOpNeedAttnCATExit"/>
  <testcase name="ValidatingExitConfirmMessageAndOkButton" time="27.939" classname="com.kodiak.qa.testsuites.InterOpNeedAttnCATExit"/>
  <testcase name="interOp_GroupDeletionforContinuation" time="75.756" classname="com.kodiak.qa.testsuites.InterOpNeedAttnCATExit"/>
  <testcase name="needAttention_verifyNeedAttentionFilterInMasterListTab" time="9.266" classname="com.kodiak.qa.testsuites.InterOpNeedAttnCATExit"/>
  <testcase name="Kodiak_CAT_2_LaunchingUsingFANId" time="112.030" classname="com.kodiak.qa.testsuites.InterOpNeedAttnCATExit"/>
  <testcase name="interOp_verifyInterOpGroupIsShownWhenInterOpGroupsFilterisSelected" time="17.033" classname="com.kodiak.qa.testsuites.InterOpNeedAttnCATExit"/>
  <testcase name="needAttention_verifyNeedAttentionFilterInManageGroupsTab" time="9.258" classname="com.kodiak.qa.testsuites.InterOpNeedAttnCATExit"/>
  <testcase name="interOp_verifyGroupIconForInterOpAndDispatcherGroup" time="117.226" classname="com.kodiak.qa.testsuites.InterOpNeedAttnCATExit"/>
  <testcase name="ValidatingExitConfirmMessageAndCancelButton" time="31.417" classname="com.kodiak.qa.testsuites.InterOpNeedAttnCATExit"/>
</testsuite> <!-- com.kodiak.qa.testsuites.InterOpNeedAttnCATExit -->
