<?xml version="1.0" encoding="UTF-8"?>
<!-- Generated by org.testng.reporters.JUnitReportReporter -->
<testsuite hostname="admin-PC" name="com.kodiak.qa.testsuites.DispatcherGroupFunctionality" tests="2" failures="0" timestamp="12 Oct 2015 10:55:55 GMT" time="85.572" errors="0">
  <testcase name="closingBrowser" time="0.381" classname="com.kodiak.qa.testsuites.DispatcherGroupFunctionality"/>
  <testcase name="Kodiak_CAT_2_LaunchingUsingFANId" time="85.191" classname="com.kodiak.qa.testsuites.DispatcherGroupFunctionality"/>
</testsuite> <!-- com.kodiak.qa.testsuites.DispatcherGroupFunctionality -->
