<?xml version="1.0" encoding="UTF-8"?>
<!-- Generated by org.testng.reporters.JUnitReportReporter -->
<testsuite hostname="Admin-PC" name="com.kodiak.qa.testsuites.WiFiClientFunctionalityValidation" tests="26" failures="0" timestamp="26 Sep 2016 23:11:48 GMT" time="805.378" errors="0">
  <testcase name="wiFi_ValidatingDisabledAllFilterIfNoConatcts" time="12.121" classname="com.kodiak.qa.testsuites.WiFiClientFunctionalityValidation"/>
  <testcase name="wiFi_ValidatingRemoveIconChangeToUndoIconAfterClick" time="33.588" classname="com.kodiak.qa.testsuites.WiFiClientFunctionalityValidation"/>
  <testcase name="wiFi_ValidatingDisabledSaveButtonIfNoConatcts" time="13.067" classname="com.kodiak.qa.testsuites.WiFiClientFunctionalityValidation"/>
  <testcase name="wiFi_ValidatingDisabledAllFilterAfterSelectingManageContactsViaSubListTabIfNoConatcts" time="12.082" classname="com.kodiak.qa.testsuites.WiFiClientFunctionalityValidation"/>
  <testcase name="wiFi_ValidatingDisabledStateOfSearchInputFieldAfterSelectingViewAllContactTab" time="12.100" classname="com.kodiak.qa.testsuites.WiFiClientFunctionalityValidation"/>
  <testcase name="wiFi_ValidatingDisabledAllFilterIfNoConatctsAfterSelectingViewAllContactTab" time="12.082" classname="com.kodiak.qa.testsuites.WiFiClientFunctionalityValidation"/>
  <testcase name="wiFi_ValidatingDisabledStateOfSearchInputFieldAfterSelectingManageContactsViaSubListTab" time="13.087" classname="com.kodiak.qa.testsuites.WiFiClientFunctionalityValidation"/>
  <testcase name="wiFi_ValidatingTotalCountInWorkAreaAfterSelectingManageContactsViaSubListTabForSubscriberWithNoContacts" time="28.460" classname="com.kodiak.qa.testsuites.WiFiClientFunctionalityValidation"/>
  <testcase name="wiFi_ValidatingDisabledSaveButtonAfterSelectingManageContactsViaSubListTabIfNoConatcts" time="13.081" classname="com.kodiak.qa.testsuites.WiFiClientFunctionalityValidation"/>
  <testcase name="wiFi_ValidatingRemoveAllMaxLimitWarningMessage" time="146.126" classname="com.kodiak.qa.testsuites.WiFiClientFunctionalityValidation"/>
  <testcase name="wiFi_SelectedSubscriberConatctInWorkArea" time="68.906" classname="com.kodiak.qa.testsuites.WiFiClientFunctionalityValidation"/>
  <testcase name="wiFi_ValidatingTotalCountAfterRemove" time="16.267" classname="com.kodiak.qa.testsuites.WiFiClientFunctionalityValidation"/>
  <testcase name="wiFi_ValidatingCancelButtonManageIndividualContacts" time="16.228" classname="com.kodiak.qa.testsuites.WiFiClientFunctionalityValidation"/>
  <testcase name="Kodiak_CAT_LaunchingUsingFANId" time="98.295" classname="com.kodiak.qa.testsuites.WiFiClientFunctionalityValidation"/>
  <testcase name="wiFi_ValidatingUndoAfterRemoveAllLabel" time="79.386" classname="com.kodiak.qa.testsuites.WiFiClientFunctionalityValidation"/>
  <testcase name="wiFi_ValidatingCancelButtonAfterSelectingManageContactsViaSubListTab" time="16.246" classname="com.kodiak.qa.testsuites.WiFiClientFunctionalityValidation"/>
  <testcase name="wiFi_ValidatingUndoIconChangeToRemoveIconAfterClick" time="28.421" classname="com.kodiak.qa.testsuites.WiFiClientFunctionalityValidation"/>
  <testcase name="wiFi_ValidatingDisabledAdvancedStateOfSearchInputField" time="12.070" classname="com.kodiak.qa.testsuites.WiFiClientFunctionalityValidation"/>
  <testcase name="wiFi_ValidatingCancelButtonAfterSelectingViewAllContactTab" time="12.196" classname="com.kodiak.qa.testsuites.WiFiClientFunctionalityValidation"/>
  <testcase name="wiFi_ValidatingTotalCountInWorkAreaAfterSelectingSubscriberWithNoContacts" time="55.860" classname="com.kodiak.qa.testsuites.WiFiClientFunctionalityValidation"/>
  <testcase name="wiFi_ValidatingTotalCountInWorkAreaAfterSelectingViewAllContactTabForSubscriberWithNoContacts" time="34.425" classname="com.kodiak.qa.testsuites.WiFiClientFunctionalityValidation"/>
  <testcase name="wiFi_ValidatingDisabledAdvancedStateOfSearchInputFieldAfterSelectingViewAllContactTab" time="12.060" classname="com.kodiak.qa.testsuites.WiFiClientFunctionalityValidation"/>
  <testcase name="wiFi_ValidatingDisabledSaveButtonIfNoConatctsAfterSelectingViewAllContactTab" time="13.076" classname="com.kodiak.qa.testsuites.WiFiClientFunctionalityValidation"/>
  <testcase name="wiFi_ValidatingDisabledStateOfSearchInputField" time="12.108" classname="com.kodiak.qa.testsuites.WiFiClientFunctionalityValidation"/>
  <testcase name="wiFi_ValidatingTotalCountAfterClickOnUndoIcon" time="31.691" classname="com.kodiak.qa.testsuites.WiFiClientFunctionalityValidation"/>
  <testcase name="validatingCloseBrowser" time="2.349" classname="com.kodiak.qa.testsuites.WiFiClientFunctionalityValidation"/>
</testsuite> <!-- com.kodiak.qa.testsuites.WiFiClientFunctionalityValidation -->
