<?xml version="1.0" encoding="UTF-8"?>
<!-- Generated by org.testng.reporters.JUnitReportReporter -->
<testsuite hostname="admin-PC" name="isteer.qa.test.kodiak.testsuites.GroupFunctionality" tests="3" failures="0" timestamp="14 Sep 2015 11:22:21 GMT" time="86.273" errors="0">
  <testcase name="Kodiak_CAT_2_LaunchingUsingFANId" time="55.200" classname="isteer.qa.test.kodiak.testsuites.GroupFunctionality"/>
  <testcase name="verifyingEnableTalkGroupScanningForDispatch" time="10.654" classname="isteer.qa.test.kodiak.testsuites.GroupFunctionality"/>
  <testcase name="verifyingViewGroupsFilterDispatchGroupsList" time="20.419" classname="isteer.qa.test.kodiak.testsuites.GroupFunctionality"/>
</testsuite> <!-- isteer.qa.test.kodiak.testsuites.GroupFunctionality -->
