<?xml version="1.0" encoding="UTF-8"?>
<!-- Generated by org.testng.reporters.JUnitReportReporter -->
<testsuite hostname="Admin-PC" name="com.kodiak.qa.testsuites.KodiakCATLaunchingUsingBANId" tests="3" failures="0" timestamp="8 Nov 2016 13:52:49 GMT" time="57.953" errors="0">
  <testcase name="validatingCloseBrowser" time="2.047" classname="com.kodiak.qa.testsuites.KodiakCATLaunchingUsingBANId"/>
  <testcase name="launchGITUnsuccessful" time="23.555" classname="com.kodiak.qa.testsuites.KodiakCATLaunchingUsingBANId"/>
  <testcase name="launchGITSuccessfully" time="32.351" classname="com.kodiak.qa.testsuites.KodiakCATLaunchingUsingBANId"/>
</testsuite> <!-- com.kodiak.qa.testsuites.KodiakCATLaunchingUsingBANId -->
