<?xml version="1.0" encoding="UTF-8"?>
<!-- Generated by org.testng.reporters.JUnitReportReporter -->
<testsuite hostname="Admin-PC" name="com.kodiak.qa.testsuites.InterOpRadios" tests="13" failures="0" timestamp="29 May 2016 01:15:14 GMT" time="525.414" errors="0">
  <testcase name="validatingInterOpRadiosClientType" time="17.286" classname="com.kodiak.qa.testsuites.InterOpRadios"/>
  <testcase name="validatingInterOpRadiosGroupExistenceAndCount" time="173.253" classname="com.kodiak.qa.testsuites.InterOpRadios"/>
  <testcase name="validatingInterOpRadiosManageContactsTabAdvancedSearchEnabled" time="26.318" classname="com.kodiak.qa.testsuites.InterOpRadios"/>
  <testcase name="validatingInterOpRadiosImageIcon" time="29.312" classname="com.kodiak.qa.testsuites.InterOpRadios"/>
  <testcase name="Kodiak_CAT_2_LaunchingUsingFANId" time="112.007" classname="com.kodiak.qa.testsuites.InterOpRadios"/>
  <testcase name="verifyInterOpRadiosRecordInMasterList" time="29.273" classname="com.kodiak.qa.testsuites.InterOpRadios"/>
  <testcase name="verifyInterOpRadiosAssignContactDisbled" time="8.071" classname="com.kodiak.qa.testsuites.InterOpRadios"/>
  <testcase name="validatingInterOpRadiosHelpText" time="15.081" classname="com.kodiak.qa.testsuites.InterOpRadios"/>
  <testcase name="verifyInterOpRadiosViewGroupTabInvalidGroupMessage" time="29.422" classname="com.kodiak.qa.testsuites.InterOpRadios"/>
  <testcase name="verifyInterOpRadiosAddSubListButtonDisabledState" time="12.301" classname="com.kodiak.qa.testsuites.InterOpRadios"/>
  <testcase name="validatingGroupDeletionForContinuation" time="62.731" classname="com.kodiak.qa.testsuites.InterOpRadios"/>
  <testcase name="validatingInterOpRadiosManageContactsTabSearchByNameAndPhoneNumberEnabled" time="8.058" classname="com.kodiak.qa.testsuites.InterOpRadios"/>
  <testcase name="validatingCloseBrowser" time="2.301" classname="com.kodiak.qa.testsuites.InterOpRadios"/>
</testsuite> <!-- com.kodiak.qa.testsuites.InterOpRadios -->
