<?xml version="1.0" encoding="UTF-8"?>
<!-- Generated by org.testng.reporters.JUnitReportReporter -->
<testsuite hostname="admin-PC" name="com.kodiak.qa.testsuites.ThirdPartyManageContactsViaSubListFunctionality" tests="22" failures="0" timestamp="25 Apr 2016 03:15:41 GMT" time="1076.331" errors="0">
  <testcase name="validatingCloseBrowser" time="3.078" classname="com.kodiak.qa.testsuites.ThirdPartyManageContactsViaSubListFunctionality"/>
  <testcase name="thirdParty_VerifyingPickSubListSearchBoxAfterAllSubListAdded" time="22.424" classname="com.kodiak.qa.testsuites.ThirdPartyManageContactsViaSubListFunctionality"/>
  <testcase name="thirdParty_VerifyingStateOfSubListRemovalIconAfterChangingTheFilter" time="45.639" classname="com.kodiak.qa.testsuites.ThirdPartyManageContactsViaSubListFunctionality"/>
  <testcase name="thirdParty_verifyingSubListstheSubscriberIsMemberOfSubListToolTip" time="12.093" classname="com.kodiak.qa.testsuites.ThirdPartyManageContactsViaSubListFunctionality"/>
  <testcase name="thirdParty_ValidatingSubListDeletion" time="107.946" classname="com.kodiak.qa.testsuites.ThirdPartyManageContactsViaSubListFunctionality"/>
  <testcase name="thirdParty_SelectedSubscriberConatctInWorkArea" time="69.121" classname="com.kodiak.qa.testsuites.ThirdPartyManageContactsViaSubListFunctionality"/>
  <testcase name="Kodiak_CAT_LaunchingUsingFANId" time="99.265" classname="com.kodiak.qa.testsuites.ThirdPartyManageContactsViaSubListFunctionality"/>
  <testcase name="thirdParty_VerifyingTotalContactsCountAfterAddingSubList" time="46.110" classname="com.kodiak.qa.testsuites.ThirdPartyManageContactsViaSubListFunctionality"/>
  <testcase name="thirdParty_ValidatingSubListAddition" time="111.734" classname="com.kodiak.qa.testsuites.ThirdPartyManageContactsViaSubListFunctionality"/>
  <testcase name="thirdParty_VerifyingPickSubListDoneButtonAfterAllSubListAdded" time="16.125" classname="com.kodiak.qa.testsuites.ThirdPartyManageContactsViaSubListFunctionality"/>
  <testcase name="thirdParty_VerifyingSubListstheSubscriberIsNotMemberofFilterResult" time="23.518" classname="com.kodiak.qa.testsuites.ThirdPartyManageContactsViaSubListFunctionality"/>
  <testcase name="thirdParty_VerifyingSubListAndContactCountAfterSubListAdded" time="47.225" classname="com.kodiak.qa.testsuites.ThirdPartyManageContactsViaSubListFunctionality"/>
  <testcase name="thirdParty_VerifyingPickSubListCloseImageAfterAllSubListAdded" time="37.081" classname="com.kodiak.qa.testsuites.ThirdPartyManageContactsViaSubListFunctionality"/>
  <testcase name="thirdParty_VerifyingStateOfSubListRemovalIconAfterClickOnManageIndividualContacts" time="50.874" classname="com.kodiak.qa.testsuites.ThirdPartyManageContactsViaSubListFunctionality"/>
  <testcase name="thirdParty_VerifyingTotalContactsCountAfterRemovingSubList" time="39.297" classname="com.kodiak.qa.testsuites.ThirdPartyManageContactsViaSubListFunctionality"/>
  <testcase name="thirdParty_VerifyStateOfSubListRemovalIconAfterClickOnViewGroupsTab" time="53.049" classname="com.kodiak.qa.testsuites.ThirdPartyManageContactsViaSubListFunctionality"/>
  <testcase name="thirdParty_VerifyingSubListstheSubscriberIsMemberofFilterResult" time="33.952" classname="com.kodiak.qa.testsuites.ThirdPartyManageContactsViaSubListFunctionality"/>
  <testcase name="thirdParty_VerifyingPickSubListCancelButtonAfterAllSubListAdded" time="31.857" classname="com.kodiak.qa.testsuites.ThirdPartyManageContactsViaSubListFunctionality"/>
  <testcase name="thirdParty_verifyingRemoveUndoButtonNotAvailableForSubListstheSubscriberIsMemberOf" time="73.633" classname="com.kodiak.qa.testsuites.ThirdPartyManageContactsViaSubListFunctionality"/>
  <testcase name="thirdParty_VerifySubListInPopupWIndow" time="71.791" classname="com.kodiak.qa.testsuites.ThirdPartyManageContactsViaSubListFunctionality"/>
  <testcase name="thirdParty_VerifyTotalContactsFor3rdPartyApplFilterUnderViewAllContacts" time="30.752" classname="com.kodiak.qa.testsuites.ThirdPartyManageContactsViaSubListFunctionality"/>
  <testcase name="thirdParty_VerifyingPickSubListCheckBoxSelected" time="49.767" classname="com.kodiak.qa.testsuites.ThirdPartyManageContactsViaSubListFunctionality"/>
</testsuite> <!-- com.kodiak.qa.testsuites.ThirdPartyManageContactsViaSubListFunctionality -->
