<?xml version="1.0" encoding="UTF-8"?>
<!-- Generated by org.testng.reporters.JUnitReportReporter -->
<testsuite hostname="Admin-PC" name="com.kodiak.qa.testsuites.gitLoginWithInvalidAndValid" tests="3" failures="0" timestamp="9 Nov 2016 08:24:36 GMT" time="59.910" errors="0">
  <testcase name="launchGITSuccessfully" time="34.298" classname="com.kodiak.qa.testsuites.gitLoginWithInvalidAndValid"/>
  <testcase name="validatingCloseBrowser" time="2.048" classname="com.kodiak.qa.testsuites.gitLoginWithInvalidAndValid"/>
  <testcase name="launchGITUnsuccessful" time="23.564" classname="com.kodiak.qa.testsuites.gitLoginWithInvalidAndValid"/>
</testsuite> <!-- com.kodiak.qa.testsuites.gitLoginWithInvalidAndValid -->
