<?xml version="1.0" encoding="UTF-8"?>
<!-- Generated by org.testng.reporters.JUnitReportReporter -->
<testsuite hostname="Admin-PC" name="com.kodiak.qa.testsuites.DispatcherProfileValidation" tests="23" failures="0" timestamp="26 Sep 2016 23:11:48 GMT" time="1064.665" errors="0">
  <testcase name="validatingDispatcherState" time="8.065" classname="com.kodiak.qa.testsuites.DispatcherProfileValidation"/>
  <testcase name="validatingDispatcherRecords" time="53.802" classname="com.kodiak.qa.testsuites.DispatcherProfileValidation"/>
  <testcase name="validatingLoginWithoutCorpID" time="38.563" classname="com.kodiak.qa.testsuites.DispatcherProfileValidation"/>
  <testcase name="validatingClientType" time="9.102" classname="com.kodiak.qa.testsuites.DispatcherProfileValidation"/>
  <testcase name="validatingDispatcherWithoutEmail" time="43.976" classname="com.kodiak.qa.testsuites.DispatcherProfileValidation"/>
  <testcase name="validatingTotalCountInWorkAreaAfterSelectingDisaptcherInMasterList" time="18.245" classname="com.kodiak.qa.testsuites.DispatcherProfileValidation"/>
  <testcase name="validatingDispatcherName" time="48.785" classname="com.kodiak.qa.testsuites.DispatcherProfileValidation"/>
  <testcase name="verifyInvalidCorpID" time="26.259" classname="com.kodiak.qa.testsuites.DispatcherProfileValidation"/>
  <testcase name="validatingDispatcherWithoutName" time="43.924" classname="com.kodiak.qa.testsuites.DispatcherProfileValidation"/>
  <testcase name="validatingDispatcherIconToolTip" time="55.707" classname="com.kodiak.qa.testsuites.DispatcherProfileValidation"/>
  <testcase name="dispatcher_SelectedSubscriberConatctInWorkArea" time="68.961" classname="com.kodiak.qa.testsuites.DispatcherProfileValidation"/>
  <testcase name="validatingChangedDispatcherName" time="89.358" classname="com.kodiak.qa.testsuites.DispatcherProfileValidation"/>
  <testcase name="Kodiak_CAT_LaunchingUsingFANId" time="83.033" classname="com.kodiak.qa.testsuites.DispatcherProfileValidation"/>
  <testcase name="validatingTotalCountInWorkAreaAfterSelectingManageContactsViaSubListTabForDispatcher" time="17.221" classname="com.kodiak.qa.testsuites.DispatcherProfileValidation"/>
  <testcase name="validatingDispatcherPhoneNumber" time="52.900" classname="com.kodiak.qa.testsuites.DispatcherProfileValidation"/>
  <testcase name="validatingTotalGroupCountInWorkAreaAfterSelectingViewGroupTabForDispatcher" time="68.955" classname="com.kodiak.qa.testsuites.DispatcherProfileValidation"/>
  <testcase name="validatingAlphanumericDispatcherName" time="31.429" classname="com.kodiak.qa.testsuites.DispatcherProfileValidation"/>
  <testcase name="validatingDispatcherBillingPhoneNumber" time="14.092" classname="com.kodiak.qa.testsuites.DispatcherProfileValidation"/>
  <testcase name="validatingSubscriberType" time="90.739" classname="com.kodiak.qa.testsuites.DispatcherProfileValidation"/>
  <testcase name="validatingCloseBrowser" time="3.150" classname="com.kodiak.qa.testsuites.DispatcherProfileValidation"/>
  <testcase name="validatingDispatcherEmail" time="55.967" classname="com.kodiak.qa.testsuites.DispatcherProfileValidation"/>
  <testcase name="validatingChangedDispatcherEmail" time="125.243" classname="com.kodiak.qa.testsuites.DispatcherProfileValidation"/>
  <testcase name="validatingTotalCountInWorkAreaAfterSelectingViewAllContactTabForDispatcher" time="17.189" classname="com.kodiak.qa.testsuites.DispatcherProfileValidation"/>
</testsuite> <!-- com.kodiak.qa.testsuites.DispatcherProfileValidation -->
