<?xml version="1.0" encoding="UTF-8"?>
<!-- Generated by org.testng.reporters.JUnitReportReporter -->
<testsuite hostname="admin-PC" name="isteer.qa.test.kodiak.testsuites.Kodiak_Dispatcher_Name_Validation" tests="6" failures="0" timestamp="26 Aug 2015 07:38:13 GMT" time="65.303" errors="0">
  <testcase name="Kodiak_ValidatingTotalGroupCountInWorkAreaAfterSelectingViewGroupTabForDispatcher" time="2.798" classname="isteer.qa.test.kodiak.testsuites.Kodiak_Dispatcher_Name_Validation"/>
  <testcase name="Kodiak_CAT__VerifyInvalidCorpID" time="6.683" classname="isteer.qa.test.kodiak.testsuites.Kodiak_Dispatcher_Name_Validation"/>
  <testcase name="Kodiak_CAT_VerifyLoginWithoutCorpID" time="5.963" classname="isteer.qa.test.kodiak.testsuites.Kodiak_Dispatcher_Name_Validation"/>
  <testcase name="Kodiak_CAT_LoginWithValidCorpIDandFANID" time="44.743" classname="isteer.qa.test.kodiak.testsuites.Kodiak_Dispatcher_Name_Validation"/>
  <testcase name="Kodiak_CAT_ValidatingDispatcherName" time="4.836" classname="isteer.qa.test.kodiak.testsuites.Kodiak_Dispatcher_Name_Validation"/>
  <testcase name="Kodiak_ValidatingTotalCountInWorkAreaAfterSelectingManageContactsViaSubListTabForDispatcher" time="0.280" classname="isteer.qa.test.kodiak.testsuites.Kodiak_Dispatcher_Name_Validation"/>
</testsuite> <!-- isteer.qa.test.kodiak.testsuites.Kodiak_Dispatcher_Name_Validation -->
