<?xml version="1.0" encoding="UTF-8"?>
<!-- Generated by org.testng.reporters.JUnitReportReporter -->
<testsuite hostname="admin-PC" name="com.kodiak.qa.testsuites.WindowClientBasicSearchTestCase" tests="26" failures="0" timestamp="24 Apr 2016 20:19:24 GMT" time="1186.026" errors="0">
  <testcase name="windowClient_VerifySublistCount" time="48.538" classname="com.kodiak.qa.testsuites.WindowClientBasicSearchTestCase"/>
  <testcase name="wiFi_verifyMouseOverOnGroupIconForTitle" time="15.089" classname="com.kodiak.qa.testsuites.WindowClientBasicSearchTestCase"/>
  <testcase name="windowClient_VerifySubscriberNameInViewAllContactsTab" time="23.602" classname="com.kodiak.qa.testsuites.WindowClientBasicSearchTestCase"/>
  <testcase name="windowClient_VerifyContactsSearchAndAfterClrSearchUsingName" time="36.532" classname="com.kodiak.qa.testsuites.WindowClientBasicSearchTestCase"/>
  <testcase name="windowClient_SearchSubscriberNameInSubscriberWorkArea" time="36.010" classname="com.kodiak.qa.testsuites.WindowClientBasicSearchTestCase"/>
  <testcase name="verifyingViewGroupsFilterDispatchGroupsList" time="17.454" classname="com.kodiak.qa.testsuites.WindowClientBasicSearchTestCase"/>
  <testcase name="windowClient_SearchSubscriberPhNumber" time="40.687" classname="com.kodiak.qa.testsuites.WindowClientBasicSearchTestCase"/>
  <testcase name="windowClient_VerifyContactsSearchAndAfterClrSearchUsingMdn" time="75.287" classname="com.kodiak.qa.testsuites.WindowClientBasicSearchTestCase"/>
  <testcase name="searchInvalidGroupNameInViewGroupsTab" time="13.307" classname="com.kodiak.qa.testsuites.WindowClientBasicSearchTestCase"/>
  <testcase name="validatingSubListAddition" time="111.836" classname="com.kodiak.qa.testsuites.WindowClientBasicSearchTestCase"/>
  <testcase name="validatingCloseBrowser" time="2.744" classname="com.kodiak.qa.testsuites.WindowClientBasicSearchTestCase"/>
  <testcase name="windowClient_VerifySublistNameInAddSublistPopup" time="17.170" classname="com.kodiak.qa.testsuites.WindowClientBasicSearchTestCase"/>
  <testcase name="windowClient_CheckDeleteBtnBeforeAndAfterSearch" time="50.173" classname="com.kodiak.qa.testsuites.WindowClientBasicSearchTestCase"/>
  <testcase name="wiFi_verifyMouseOverOnGroupForTotalMemberCount" time="25.553" classname="com.kodiak.qa.testsuites.WindowClientBasicSearchTestCase"/>
  <testcase name="windowClient_VerifySubscriberInManageContactsVisSublist" time="17.223" classname="com.kodiak.qa.testsuites.WindowClientBasicSearchTestCase"/>
  <testcase name="windowClient_VerifySubscriberMdnInViewAllContactsTab" time="21.885" classname="com.kodiak.qa.testsuites.WindowClientBasicSearchTestCase"/>
  <testcase name="windowClient_SearchInvalidStringInSubscriberWorkArea" time="8.257" classname="com.kodiak.qa.testsuites.WindowClientBasicSearchTestCase"/>
  <testcase name="validatingSubListDeletionForContinuation" time="108.221" classname="com.kodiak.qa.testsuites.WindowClientBasicSearchTestCase"/>
  <testcase name="windowClient_SelectedSubscriberConatctInWorkArea" time="69.180" classname="com.kodiak.qa.testsuites.WindowClientBasicSearchTestCase"/>
  <testcase name="verifyingEnableTalkGroupScanningForDispatch" time="4.093" classname="com.kodiak.qa.testsuites.WindowClientBasicSearchTestCase"/>
  <testcase name="validatingDeletingMemberForContinuation" time="64.471" classname="com.kodiak.qa.testsuites.WindowClientBasicSearchTestCase"/>
  <testcase name="windowClient_SearchSubscriberPhoneNumberInSubscriberWorkArea" time="8.253" classname="com.kodiak.qa.testsuites.WindowClientBasicSearchTestCase"/>
  <testcase name="windowClient_SearchSubscriberName" time="19.126" classname="com.kodiak.qa.testsuites.WindowClientBasicSearchTestCase"/>
  <testcase name="validatingGroupDeletionForContinuation" time="62.872" classname="com.kodiak.qa.testsuites.WindowClientBasicSearchTestCase"/>
  <testcase name="Kodiak_CAT_LaunchingUsingFANId" time="99.359" classname="com.kodiak.qa.testsuites.WindowClientBasicSearchTestCase"/>
  <testcase name="verifyGroupInViewGroupsTab" time="189.104" classname="com.kodiak.qa.testsuites.WindowClientBasicSearchTestCase"/>
</testsuite> <!-- com.kodiak.qa.testsuites.WindowClientBasicSearchTestCase -->
