<?xml version="1.0" encoding="UTF-8"?>
<!-- Generated by org.testng.reporters.JUnitReportReporter -->
<testsuite hostname="admin-PC" name="com.kodiak.qa.testsuites.BasicSearch" tests="6" failures="0" timestamp="28 Sep 2015 16:48:02 GMT" time="106.865" errors="0">
  <testcase name="validatingManageIndividualContactsInvalidSubscriberNameBasicSearch" time="30.243" classname="com.kodiak.qa.testsuites.BasicSearch"/>
  <testcase name="validatingViewAllContactsInvalidSubscriberNameBasicSearch" time="3.572" classname="com.kodiak.qa.testsuites.BasicSearch"/>
  <testcase name="validatingMasterListInvalidSubscriberNameBasicSearch" time="5.491" classname="com.kodiak.qa.testsuites.BasicSearch"/>
  <testcase name="Kodiak_CAT_2_LaunchingUsingFANId" time="58.474" classname="com.kodiak.qa.testsuites.BasicSearch"/>
  <testcase name="validatingAssignContactsInvalidSubscriberNameBasicSearch" time="7.974" classname="com.kodiak.qa.testsuites.BasicSearch"/>
  <testcase name="closingBrowserForBasicSearchTestSuite" time="1.111" classname="com.kodiak.qa.testsuites.BasicSearch"/>
</testsuite> <!-- com.kodiak.qa.testsuites.BasicSearch -->
