<?xml version="1.0" encoding="UTF-8"?>
<!-- Generated by org.testng.reporters.JUnitReportReporter -->
<testsuite hostname="Admin-PC" name="com.kodiak.qa.testsuites.SubListRelatedTestCases" tests="21" failures="0" timestamp="29 May 2016 01:15:14 GMT" time="1350.855" errors="0">
  <testcase name="SubList_validateSubListAdditionWithWifiOnlyClient" time="93.219" classname="com.kodiak.qa.testsuites.SubListRelatedTestCases"/>
  <testcase name="SubList_verifytotalMembersCountafterDeletingMember" time="19.689" classname="com.kodiak.qa.testsuites.SubListRelatedTestCases"/>
  <testcase name="SubList_validateDeleteSublist" time="25.088" classname="com.kodiak.qa.testsuites.SubListRelatedTestCases"/>
  <testcase name="validatingCloseBrowser" time="5.351" classname="com.kodiak.qa.testsuites.SubListRelatedTestCases"/>
  <testcase name="SubList_validateSubListAdditionWith3rdPartyApplication" time="102.499" classname="com.kodiak.qa.testsuites.SubListRelatedTestCases"/>
  <testcase name="Kodiak_CAT_2_LaunchingUsingFANId" time="112.122" classname="com.kodiak.qa.testsuites.SubListRelatedTestCases"/>
  <testcase name="SubList_verifysubListCreationCancelWarningMessage" time="6.386" classname="com.kodiak.qa.testsuites.SubListRelatedTestCases"/>
  <testcase name="sublist_validateSubListDistributionToGroup" time="215.055" classname="com.kodiak.qa.testsuites.SubListRelatedTestCases"/>
  <testcase name="SubList_validateSubListAdditionWithoutName" time="15.400" classname="com.kodiak.qa.testsuites.SubListRelatedTestCases"/>
  <testcase name="sublist_validateCreateSubListWithoutMembers" time="33.810" classname="com.kodiak.qa.testsuites.SubListRelatedTestCases"/>
  <testcase name="SubList_verifyLMRDispatchersisNotShowninPickSubListMembers" time="10.712" classname="com.kodiak.qa.testsuites.SubListRelatedTestCases"/>
  <testcase name="SubList_verifyLMRGroupisNotShowninPickSubListMembers" time="10.722" classname="com.kodiak.qa.testsuites.SubListRelatedTestCases"/>
  <testcase name="sublist_validateremoveSubListDistributionToSubscriber" time="81.088" classname="com.kodiak.qa.testsuites.SubListRelatedTestCases"/>
  <testcase name="SubList_verifytoolTipForTotalMembers" time="18.665" classname="com.kodiak.qa.testsuites.SubListRelatedTestCases"/>
  <testcase name="sublist_verifyGroupDeletionforContinuation" time="62.806" classname="com.kodiak.qa.testsuites.SubListRelatedTestCases"/>
  <testcase name="SubList_validateSubListAdditionWithExternalAndWiFiOnlyClient" time="133.153" classname="com.kodiak.qa.testsuites.SubListRelatedTestCases"/>
  <testcase name="SubList_verifyLMRSubscriberisNotShowninPickSubListMembers" time="10.806" classname="com.kodiak.qa.testsuites.SubListRelatedTestCases"/>
  <testcase name="sublist_validatesubListDistributionToSubscriber" time="101.223" classname="com.kodiak.qa.testsuites.SubListRelatedTestCases"/>
  <testcase name="SubList_validateSubListAdditionWithNeedsAttentionsandCrosscarrier" time="137.128" classname="com.kodiak.qa.testsuites.SubListRelatedTestCases"/>
  <testcase name="sublist_deleteautomationsublistsforContinuation" time="132.889" classname="com.kodiak.qa.testsuites.SubListRelatedTestCases"/>
  <testcase name="SubList_validatecreated3rdPartySubListDoesNotHaveWiFiOnlyClient" time="23.044" classname="com.kodiak.qa.testsuites.SubListRelatedTestCases"/>
</testsuite> <!-- com.kodiak.qa.testsuites.SubListRelatedTestCases -->
