<?xml version="1.0" encoding="UTF-8"?>
<!-- Generated by org.testng.reporters.JUnitReportReporter -->
<testsuite hostname="admin-PC" name="com.kodiak.qa.testsuites.WindowClientManageContactsViaSubListFunctionality" tests="22" failures="0" timestamp="24 Apr 2016 19:24:22 GMT" time="1085.324" errors="0">
  <testcase name="windowClient_verifyingSubListstheSubscriberIsMemberOfSubListToolTip" time="12.124" classname="com.kodiak.qa.testsuites.WindowClientManageContactsViaSubListFunctionality"/>
  <testcase name="windowClient_verifyingRemoveUndoButtonNotAvailableForSubListstheSubscriberIsMemberOf" time="74.067" classname="com.kodiak.qa.testsuites.WindowClientManageContactsViaSubListFunctionality"/>
  <testcase name="windowClient_VerifyingPickSubListCancelButtonAfterAllSubListAdded" time="31.901" classname="com.kodiak.qa.testsuites.WindowClientManageContactsViaSubListFunctionality"/>
  <testcase name="windowClient_VerifyingSubListstheSubscriberIsMemberofFilterResult" time="34.147" classname="com.kodiak.qa.testsuites.WindowClientManageContactsViaSubListFunctionality"/>
  <testcase name="validatingCloseBrowser" time="2.971" classname="com.kodiak.qa.testsuites.WindowClientManageContactsViaSubListFunctionality"/>
  <testcase name="Kodiak_CAT_LaunchingUsingFANId" time="100.084" classname="com.kodiak.qa.testsuites.WindowClientManageContactsViaSubListFunctionality"/>
  <testcase name="windowClient_VerifyingPickSubListCheckBoxSelected" time="49.930" classname="com.kodiak.qa.testsuites.WindowClientManageContactsViaSubListFunctionality"/>
  <testcase name="windowClient_VerifyingTotalContactsCountAfterRemovingSubList" time="39.447" classname="com.kodiak.qa.testsuites.WindowClientManageContactsViaSubListFunctionality"/>
  <testcase name="windowClient_VerifyingSubListstheSubscriberIsNotMemberofFilterResult" time="24.177" classname="com.kodiak.qa.testsuites.WindowClientManageContactsViaSubListFunctionality"/>
  <testcase name="windowClient_ValidatingSubListAddition" time="112.637" classname="com.kodiak.qa.testsuites.WindowClientManageContactsViaSubListFunctionality"/>
  <testcase name="windowClient_VerifySubListInPopupWIndow" time="72.596" classname="com.kodiak.qa.testsuites.WindowClientManageContactsViaSubListFunctionality"/>
  <testcase name="windowClient_VerifyingPickSubListDoneButtonAfterAllSubListAdded" time="16.177" classname="com.kodiak.qa.testsuites.WindowClientManageContactsViaSubListFunctionality"/>
  <testcase name="windowClient_VerifyingTotalContactsCountAfterAddingSubList" time="46.690" classname="com.kodiak.qa.testsuites.WindowClientManageContactsViaSubListFunctionality"/>
  <testcase name="windowClient_SelectedSubscriberConatctInWorkArea" time="69.559" classname="com.kodiak.qa.testsuites.WindowClientManageContactsViaSubListFunctionality"/>
  <testcase name="windowClient_VerifyingSubListAndContactCountAfterSubListAdded" time="47.452" classname="com.kodiak.qa.testsuites.WindowClientManageContactsViaSubListFunctionality"/>
  <testcase name="windowClient_VerifyingStateOfSubListRemovalIconAfterChangingTheFilter" time="45.906" classname="com.kodiak.qa.testsuites.WindowClientManageContactsViaSubListFunctionality"/>
  <testcase name="windowClient_ValidatingSubListDeletion" time="109.431" classname="com.kodiak.qa.testsuites.WindowClientManageContactsViaSubListFunctionality"/>
  <testcase name="windowClient_VerifyingStateOfSubListRemovalIconAfterClickOnManageIndividualContacts" time="51.462" classname="com.kodiak.qa.testsuites.WindowClientManageContactsViaSubListFunctionality"/>
  <testcase name="windowClient_VerifyStateOfSubListRemovalIconAfterClickOnViewGroupsTab" time="53.653" classname="com.kodiak.qa.testsuites.WindowClientManageContactsViaSubListFunctionality"/>
  <testcase name="windowClient_VerifyingPickSubListSearchBoxAfterAllSubListAdded" time="22.572" classname="com.kodiak.qa.testsuites.WindowClientManageContactsViaSubListFunctionality"/>
  <testcase name="windowClient_VerifyingPickSubListCloseImageAfterAllSubListAdded" time="37.340" classname="com.kodiak.qa.testsuites.WindowClientManageContactsViaSubListFunctionality"/>
  <testcase name="windowClient_VerifyTotalContactsFor3rdPartyApplFilterUnderViewAllContacts" time="31.001" classname="com.kodiak.qa.testsuites.WindowClientManageContactsViaSubListFunctionality"/>
</testsuite> <!-- com.kodiak.qa.testsuites.WindowClientManageContactsViaSubListFunctionality -->
