<?xml version="1.0" encoding="UTF-8"?>
<!-- Generated by org.testng.reporters.JUnitReportReporter -->
<testsuite hostname="admin-PC" name="com.kodiak.qa.testsuites.LMT_HEADER" tests="2" failures="0" timestamp="8 Mar 2016 07:37:48 GMT" time="16.291" errors="0">
  <testcase name="launchLMTWithSamlFile" time="13.117" classname="com.kodiak.qa.testsuites.LMT_HEADER"/>
  <testcase name="verifyNavigationHeader" time="3.174" classname="com.kodiak.qa.testsuites.LMT_HEADER"/>
</testsuite> <!-- com.kodiak.qa.testsuites.LMT_HEADER -->
