<?xml version="1.0" encoding="UTF-8"?>
<!-- Generated by org.testng.reporters.JUnitReportReporter -->
<testsuite hostname="Admin-PC" name="com.kodiak.qa.testsuites.DispatcherAssignContactsFilterData" tests="11" failures="0" timestamp="26 Sep 2016 23:11:48 GMT" time="439.321" errors="0">
  <testcase name="Dispatcher_VerifyExternalClientOnAssignContactsPopup" time="15.473" classname="com.kodiak.qa.testsuites.DispatcherAssignContactsFilterData"/>
  <testcase name="Dispatcher_VerifyNeedsAttentionClientOnAssignContacsPopup" time="25.487" classname="com.kodiak.qa.testsuites.DispatcherAssignContactsFilterData"/>
  <testcase name="Kodiak_CAT_LaunchingUsingFANId" time="98.380" classname="com.kodiak.qa.testsuites.DispatcherAssignContactsFilterData"/>
  <testcase name="Dispatcher_VerifySelectedcontactAvailableInManageIndividualContacts" time="60.051" classname="com.kodiak.qa.testsuites.DispatcherAssignContactsFilterData"/>
  <testcase name="validatingCloseBrowser" time="2.435" classname="com.kodiak.qa.testsuites.DispatcherAssignContactsFilterData"/>
  <testcase name="Dispatcher_VerifySuMdnContactsPopup" time="20.552" classname="com.kodiak.qa.testsuites.DispatcherAssignContactsFilterData"/>
  <testcase name="Dispatcher_VerifyDispatcherClientOnAssignContacsPopup" time="72.887" classname="com.kodiak.qa.testsuites.DispatcherAssignContactsFilterData"/>
  <testcase name="dispatcher_SelectedSubscriberConatctInWorkArea" time="68.910" classname="com.kodiak.qa.testsuites.DispatcherAssignContactsFilterData"/>
  <testcase name="Dispatcher_VerifyThirdPartyApplicationClientOnAssignContactsPopup" time="25.583" classname="com.kodiak.qa.testsuites.DispatcherAssignContactsFilterData"/>
  <testcase name="Dispatcher_VerifyCrossCarrierClientOnAssignContactsPopup" time="20.603" classname="com.kodiak.qa.testsuites.DispatcherAssignContactsFilterData"/>
  <testcase name="Dispatcher_VerifyWifiClientOnAssignContactsPopup" time="28.960" classname="com.kodiak.qa.testsuites.DispatcherAssignContactsFilterData"/>
</testsuite> <!-- com.kodiak.qa.testsuites.DispatcherAssignContactsFilterData -->
