<?xml version="1.0" encoding="UTF-8"?>
<!-- Generated by org.testng.reporters.JUnitReportReporter -->
<testsuite hostname="admin-PC" name="isteer.qa.test.kodiak.testsuites.ManageContactsViaSubListFunctionality" tests="18" failures="0" timestamp="14 Sep 2015 11:22:21 GMT" time="309.197" errors="0">
  <testcase name="verifyingSubListAndContactCountAfterSubListAdded" time="18.114" classname="isteer.qa.test.kodiak.testsuites.ManageContactsViaSubListFunctionality"/>
  <testcase name="verifyingPickSubListSearchBoxAfterAllSubListAdded" time="12.419" classname="isteer.qa.test.kodiak.testsuites.ManageContactsViaSubListFunctionality"/>
  <testcase name="verifyingSubListstheSubscriberIsMemberOfSubListToolTip" time="11.592" classname="isteer.qa.test.kodiak.testsuites.ManageContactsViaSubListFunctionality"/>
  <testcase name="verifyingPickSubListCancelButtonAfterAllSubListAdded" time="22.830" classname="isteer.qa.test.kodiak.testsuites.ManageContactsViaSubListFunctionality"/>
  <testcase name="verifyingTotalContactsCountAfterRemovingSubList" time="14.943" classname="isteer.qa.test.kodiak.testsuites.ManageContactsViaSubListFunctionality"/>
  <testcase name="verifyingSubListstheSubscriberIsMemberofFilterResult" time="12.577" classname="isteer.qa.test.kodiak.testsuites.ManageContactsViaSubListFunctionality"/>
  <testcase name="verifyingTotalContactsCountAfterAddingSubList" time="16.556" classname="isteer.qa.test.kodiak.testsuites.ManageContactsViaSubListFunctionality"/>
  <testcase name="Kodiak_CAT_2_LaunchingUsingFANId" time="55.023" classname="isteer.qa.test.kodiak.testsuites.ManageContactsViaSubListFunctionality"/>
  <testcase name="verifyingStateOfSubListRemovalIconAfterClickOnManageIndividualContacts" time="9.695" classname="isteer.qa.test.kodiak.testsuites.ManageContactsViaSubListFunctionality"/>
  <testcase name="verifyingPickSubListCloseImageAfterAllSubListAdded" time="14.074" classname="isteer.qa.test.kodiak.testsuites.ManageContactsViaSubListFunctionality"/>
  <testcase name="verifyingRemoveUndoButtonNotAvailableForSubListstheSubscriberIsMemberOf" time="20.523" classname="isteer.qa.test.kodiak.testsuites.ManageContactsViaSubListFunctionality"/>
  <testcase name="verifyingSubListstheSubscriberIsNotMemberofFilterResult" time="12.530" classname="isteer.qa.test.kodiak.testsuites.ManageContactsViaSubListFunctionality"/>
  <testcase name="verifyingStateOfSubListRemovalIconAfterChangingTheFilter" time="18.006" classname="isteer.qa.test.kodiak.testsuites.ManageContactsViaSubListFunctionality"/>
  <testcase name="verifySubListInPopupWIndow" time="22.130" classname="isteer.qa.test.kodiak.testsuites.ManageContactsViaSubListFunctionality"/>
  <testcase name="verifyStateOfSubListRemovalIconAfterClickOnViewGroupsTab" time="9.398" classname="isteer.qa.test.kodiak.testsuites.ManageContactsViaSubListFunctionality"/>
  <testcase name="verifyingPickSubListDoneButtonAfterAllSubListAdded" time="11.114" classname="isteer.qa.test.kodiak.testsuites.ManageContactsViaSubListFunctionality"/>
  <testcase name="verifyingPickSubListCheckBoxSelected" time="13.582" classname="isteer.qa.test.kodiak.testsuites.ManageContactsViaSubListFunctionality"/>
  <testcase name="verifyTotalContactsFor3rdPartyApplFilterUnderViewAllContacts" time="14.091" classname="isteer.qa.test.kodiak.testsuites.ManageContactsViaSubListFunctionality"/>
</testsuite> <!-- isteer.qa.test.kodiak.testsuites.ManageContactsViaSubListFunctionality -->
