<?xml version="1.0" encoding="UTF-8"?>
<!-- Generated by org.testng.reporters.JUnitReportReporter -->
<testsuite hostname="admin-PC" name="com.kodiak.qa.testsuites.ThirdPartyFunctionalityValidationManageIndividualList" tests="12" failures="0" timestamp="25 Apr 2016 03:15:41 GMT" time="808.078" errors="0">
  <testcase name="thirdParty_VerifyingStateOfRemoveIconAfterCancelAndOk" time="57.833" classname="com.kodiak.qa.testsuites.ThirdPartyFunctionalityValidationManageIndividualList"/>
  <testcase name="thirdParty_VerifyingPickContactClosebutton" time="14.417" classname="com.kodiak.qa.testsuites.ThirdPartyFunctionalityValidationManageIndividualList"/>
  <testcase name="thirdParty_VerifyingRemovedMdnInAssignContactsPopup" time="95.796" classname="com.kodiak.qa.testsuites.ThirdPartyFunctionalityValidationManageIndividualList"/>
  <testcase name="thirdParty_VerifyingPickContactCancelbutton" time="74.376" classname="com.kodiak.qa.testsuites.ThirdPartyFunctionalityValidationManageIndividualList"/>
  <testcase name="Kodiak_CAT_LaunchingUsingFANId" time="99.356" classname="com.kodiak.qa.testsuites.ThirdPartyFunctionalityValidationManageIndividualList"/>
  <testcase name="thirdParty_VerifyingPickContactWindowDoneButton" time="76.286" classname="com.kodiak.qa.testsuites.ThirdPartyFunctionalityValidationManageIndividualList"/>
  <testcase name="validatingCloseBrowser" time="3.148" classname="com.kodiak.qa.testsuites.ThirdPartyFunctionalityValidationManageIndividualList"/>
  <testcase name="thirdParty_VerifyingStateOfRemovedMDN" time="109.815" classname="com.kodiak.qa.testsuites.ThirdPartyFunctionalityValidationManageIndividualList"/>
  <testcase name="thirdParty_VerifyingPickContactDonebutton" time="63.570" classname="com.kodiak.qa.testsuites.ThirdPartyFunctionalityValidationManageIndividualList"/>
  <testcase name="thirdParty_VerifyingStateOfRemoveIcon" time="120.664" classname="com.kodiak.qa.testsuites.ThirdPartyFunctionalityValidationManageIndividualList"/>
  <testcase name="thirdParty_SelectedSubscriberConatctInWorkArea" time="69.135" classname="com.kodiak.qa.testsuites.ThirdPartyFunctionalityValidationManageIndividualList"/>
  <testcase name="thirdParty_VerifyingStateOfUndoIconAfterCancelAndCancel" time="23.682" classname="com.kodiak.qa.testsuites.ThirdPartyFunctionalityValidationManageIndividualList"/>
</testsuite> <!-- com.kodiak.qa.testsuites.ThirdPartyFunctionalityValidationManageIndividualList -->
