<?xml version="1.0" encoding="UTF-8"?>
<!-- Generated by org.testng.reporters.JUnitReportReporter -->
<testsuite hostname="Admin-PC" name="com.kodiak.qa.testsuites.CrossCarrierPTTFunctionalityValidationManageIndividualList" tests="12" failures="0" timestamp="26 Sep 2016 23:11:48 GMT" time="854.726" errors="0">
  <testcase name="crossCarrier_VerifyingStateOfUndoIconAfterCancelAndCancel" time="23.385" classname="com.kodiak.qa.testsuites.CrossCarrierPTTFunctionalityValidationManageIndividualList"/>
  <testcase name="validatingCloseBrowser" time="2.383" classname="com.kodiak.qa.testsuites.CrossCarrierPTTFunctionalityValidationManageIndividualList"/>
  <testcase name="crossCarrier_VerifyingPickContactDonebutton" time="62.850" classname="com.kodiak.qa.testsuites.CrossCarrierPTTFunctionalityValidationManageIndividualList"/>
  <testcase name="crossCarrier_VerifyingStateOfRemoveIconAfterCancelAndOk" time="64.525" classname="com.kodiak.qa.testsuites.CrossCarrierPTTFunctionalityValidationManageIndividualList"/>
  <testcase name="crossCarrier_VerifyingPickContactCancelbutton" time="77.713" classname="com.kodiak.qa.testsuites.CrossCarrierPTTFunctionalityValidationManageIndividualList"/>
  <testcase name="crossCarrier_VerifyingStateOfRemovedMDN" time="117.297" classname="com.kodiak.qa.testsuites.CrossCarrierPTTFunctionalityValidationManageIndividualList"/>
  <testcase name="crossCarrier_VerifyingStateOfRemoveIcon" time="138.460" classname="com.kodiak.qa.testsuites.CrossCarrierPTTFunctionalityValidationManageIndividualList"/>
  <testcase name="Kodiak_CAT_LaunchingUsingFANId" time="98.294" classname="com.kodiak.qa.testsuites.CrossCarrierPTTFunctionalityValidationManageIndividualList"/>
  <testcase name="crossCarrier_VerifyingPickContactWindowDoneButton" time="85.663" classname="com.kodiak.qa.testsuites.CrossCarrierPTTFunctionalityValidationManageIndividualList"/>
  <testcase name="crossCarrier_SelectedSubscriberConatctInWorkArea" time="75.000" classname="com.kodiak.qa.testsuites.CrossCarrierPTTFunctionalityValidationManageIndividualList"/>
  <testcase name="crossCarrier_VerifyingPickContactClosebutton" time="14.226" classname="com.kodiak.qa.testsuites.CrossCarrierPTTFunctionalityValidationManageIndividualList"/>
  <testcase name="crossCarrier_VerifyingRemovedMdnInAssignContactsPopup" time="94.930" classname="com.kodiak.qa.testsuites.CrossCarrierPTTFunctionalityValidationManageIndividualList"/>
</testsuite> <!-- com.kodiak.qa.testsuites.CrossCarrierPTTFunctionalityValidationManageIndividualList -->
