<?xml version="1.0" encoding="UTF-8"?>
<!-- Generated by org.testng.reporters.JUnitReportReporter -->
<testsuite hostname="Admin-PC" name="com.kodiak.qa.testsuites.CrossCarrierPTTFunctionalityValidation" tests="26" failures="0" timestamp="26 Sep 2016 23:11:48 GMT" time="820.320" errors="0">
  <testcase name="crossCarrier_ValidatingDisabledAdvancedStateOfSearchInputField" time="12.066" classname="com.kodiak.qa.testsuites.CrossCarrierPTTFunctionalityValidation"/>
  <testcase name="crossCarrier_ValidatingTotalCountInWorkAreaAfterSelectingSubscriberWithNoContacts" time="49.723" classname="com.kodiak.qa.testsuites.CrossCarrierPTTFunctionalityValidation"/>
  <testcase name="crossCarrier_SelectedSubscriberConatctInWorkArea" time="74.915" classname="com.kodiak.qa.testsuites.CrossCarrierPTTFunctionalityValidation"/>
  <testcase name="crossCarrier_ValidatingDisabledAllFilterAfterSelectingManageContactsViaSubListTabIfNoConatcts" time="12.075" classname="com.kodiak.qa.testsuites.CrossCarrierPTTFunctionalityValidation"/>
  <testcase name="crossCarrier_ValidatingDisabledAdvancedStateOfSearchInputFieldAfterSelectingViewAllContactTab" time="12.083" classname="com.kodiak.qa.testsuites.CrossCarrierPTTFunctionalityValidation"/>
  <testcase name="crossCarrier_ValidatingDisabledStateOfSearchInputFieldAfterSelectingManageContactsViaSubListTab" time="13.073" classname="com.kodiak.qa.testsuites.CrossCarrierPTTFunctionalityValidation"/>
  <testcase name="crossCarrier_ValidatingCancelButtonAfterSelectingManageContactsViaSubListTab" time="16.279" classname="com.kodiak.qa.testsuites.CrossCarrierPTTFunctionalityValidation"/>
  <testcase name="crossCarrier_ValidatingCancelButtonAfterSelectingViewAllContactTab" time="12.248" classname="com.kodiak.qa.testsuites.CrossCarrierPTTFunctionalityValidation"/>
  <testcase name="crossCarrier_ValidatingTotalCountAfterClickOnUndoIcon" time="31.635" classname="com.kodiak.qa.testsuites.CrossCarrierPTTFunctionalityValidation"/>
  <testcase name="crossCarrier_ValidatingUndoIconChangeToRemoveIconAfterClick" time="28.399" classname="com.kodiak.qa.testsuites.CrossCarrierPTTFunctionalityValidation"/>
  <testcase name="crossCarrier_ValidatingTotalCountInWorkAreaAfterSelectingViewAllContactTabForSubscriberWithNoContacts" time="34.444" classname="com.kodiak.qa.testsuites.CrossCarrierPTTFunctionalityValidation"/>
  <testcase name="crossCarrier_ValidatingDisabledAllFilterIfNoConatctsAfterSelectingViewAllContactTab" time="12.083" classname="com.kodiak.qa.testsuites.CrossCarrierPTTFunctionalityValidation"/>
  <testcase name="crossCarrier_ValidatingTotalCountInWorkAreaAfterSelectingManageContactsViaSubListTabForSubscriberWithNoContacts" time="28.415" classname="com.kodiak.qa.testsuites.CrossCarrierPTTFunctionalityValidation"/>
  <testcase name="crossCarrier_ValidatingDisabledAllFilterIfNoConatcts" time="12.072" classname="com.kodiak.qa.testsuites.CrossCarrierPTTFunctionalityValidation"/>
  <testcase name="validatingCloseBrowser" time="2.454" classname="com.kodiak.qa.testsuites.CrossCarrierPTTFunctionalityValidation"/>
  <testcase name="crossCarrier_ValidatingCancelButtonManageIndividualContacts" time="16.197" classname="com.kodiak.qa.testsuites.CrossCarrierPTTFunctionalityValidation"/>
  <testcase name="crossCarrier_ValidatingUndoAfterRemoveAllLabel" time="91.505" classname="com.kodiak.qa.testsuites.CrossCarrierPTTFunctionalityValidation"/>
  <testcase name="crossCarrier_ValidatingDisabledSaveButtonIfNoConatctsAfterSelectingViewAllContactTab" time="13.076" classname="com.kodiak.qa.testsuites.CrossCarrierPTTFunctionalityValidation"/>
  <testcase name="Kodiak_CAT_LaunchingUsingFANId" time="98.379" classname="com.kodiak.qa.testsuites.CrossCarrierPTTFunctionalityValidation"/>
  <testcase name="crossCarrier_ValidatingRemoveIconChangeToUndoIconAfterClick" time="33.561" classname="com.kodiak.qa.testsuites.CrossCarrierPTTFunctionalityValidation"/>
  <testcase name="crossCarrier_validatingTotalCountAfterRemove" time="16.232" classname="com.kodiak.qa.testsuites.CrossCarrierPTTFunctionalityValidation"/>
  <testcase name="crossCarrier_ValidatingDisabledStateOfSearchInputFieldAfterSelectingViewAllContactTab" time="12.081" classname="com.kodiak.qa.testsuites.CrossCarrierPTTFunctionalityValidation"/>
  <testcase name="crossCarrier_ValidatingDisabledStateOfSearchInputField" time="12.072" classname="com.kodiak.qa.testsuites.CrossCarrierPTTFunctionalityValidation"/>
  <testcase name="crossCarrier_ValidatingDisabledSaveButtonAfterSelectingManageContactsViaSubListTabIfNoConatcts" time="13.121" classname="com.kodiak.qa.testsuites.CrossCarrierPTTFunctionalityValidation"/>
  <testcase name="crossCarrier_ValidatingDisabledSaveButtonIfNoConatcts" time="13.076" classname="com.kodiak.qa.testsuites.CrossCarrierPTTFunctionalityValidation"/>
  <testcase name="crossCarrier_ValidatingRemoveAllMaxLimitWarningMessage" time="149.056" classname="com.kodiak.qa.testsuites.CrossCarrierPTTFunctionalityValidation"/>
</testsuite> <!-- com.kodiak.qa.testsuites.CrossCarrierPTTFunctionalityValidation -->
