<?xml version="1.0" encoding="UTF-8"?>
<!-- Generated by org.testng.reporters.JUnitReportReporter -->
<testsuite hostname="admin-PC" name="isteer.qa.test.kodiak.testsuites.Kodiak_Dispatcher_Profile_Name_Validation" tests="5" failures="0" timestamp="24 Aug 2015 09:17:34 GMT" time="67.737" errors="0">
  <testcase name="Kodiak_CAT__VerifyInvalidCorpID" time="6.059" classname="isteer.qa.test.kodiak.testsuites.Kodiak_Dispatcher_Profile_Name_Validation"/>
  <testcase name="Kodiak_CAT_ValidatingChangedDispatcherName" time="3.368" classname="isteer.qa.test.kodiak.testsuites.Kodiak_Dispatcher_Profile_Name_Validation"/>
  <testcase name="Kodiak_CAT_VerifyLoginWithoutCorpID" time="6.146" classname="isteer.qa.test.kodiak.testsuites.Kodiak_Dispatcher_Profile_Name_Validation"/>
  <testcase name="Kodiak_CAT_LoginWithValidCorpIDandFANID" time="44.930" classname="isteer.qa.test.kodiak.testsuites.Kodiak_Dispatcher_Profile_Name_Validation"/>
  <testcase name="Kodiak_CAT_ValidatingDispatcherName" time="7.234" classname="isteer.qa.test.kodiak.testsuites.Kodiak_Dispatcher_Profile_Name_Validation"/>
</testsuite> <!-- isteer.qa.test.kodiak.testsuites.Kodiak_Dispatcher_Profile_Name_Validation -->
