<?xml version="1.0" encoding="UTF-8"?>
<!-- Generated by org.testng.reporters.JUnitReportReporter -->
<testsuite hostname="admin-PC" name="com.kodiak.qa.testsuites.ThirdPartyFunctionalityValidation" tests="26" failures="0" timestamp="25 Apr 2016 03:15:41 GMT" time="826.773" errors="0">
  <testcase name="thirdParty_ValidatingRemoveIconChangeToUndoIconAfterClick" time="34.193" classname="com.kodiak.qa.testsuites.ThirdPartyFunctionalityValidation"/>
  <testcase name="thirdParty_ValidatingRemoveAllMaxLimitWarningMessage" time="155.653" classname="com.kodiak.qa.testsuites.ThirdPartyFunctionalityValidation"/>
  <testcase name="thirdParty_ValidatingCancelButtonAfterSelectingManageContactsViaSubListTab" time="16.314" classname="com.kodiak.qa.testsuites.ThirdPartyFunctionalityValidation"/>
  <testcase name="Kodiak_CAT_LaunchingUsingFANId" time="99.486" classname="com.kodiak.qa.testsuites.ThirdPartyFunctionalityValidation"/>
  <testcase name="thirdParty_ValidatingTotalCountAfterClickOnUndoIcon" time="32.121" classname="com.kodiak.qa.testsuites.ThirdPartyFunctionalityValidation"/>
  <testcase name="thirdParty_ValidatingUndoAfterRemoveAllLabel" time="83.971" classname="com.kodiak.qa.testsuites.ThirdPartyFunctionalityValidation"/>
  <testcase name="validatingCloseBrowser" time="3.458" classname="com.kodiak.qa.testsuites.ThirdPartyFunctionalityValidation"/>
  <testcase name="thirdParty_ValidatingDisabledSaveButtonAfterSelectingManageContactsViaSubListTabIfNoConatcts" time="13.096" classname="com.kodiak.qa.testsuites.ThirdPartyFunctionalityValidation"/>
  <testcase name="thirdParty_ValidatingUndoIconChangeToRemoveIconAfterClick" time="28.838" classname="com.kodiak.qa.testsuites.ThirdPartyFunctionalityValidation"/>
  <testcase name="thirdParty_ValidatingDisabledAllFilterAfterSelectingManageContactsViaSubListTabIfNoConatcts" time="12.085" classname="com.kodiak.qa.testsuites.ThirdPartyFunctionalityValidation"/>
  <testcase name="thirdParty_ValidatingTotalCountInWorkAreaAfterSelectingSubscriberWithNoContacts" time="58.046" classname="com.kodiak.qa.testsuites.ThirdPartyFunctionalityValidation"/>
  <testcase name="thirdParty_ValidatingDisabledAdvancedStateOfSearchInputFieldAfterSelectingViewAllContactTab" time="12.118" classname="com.kodiak.qa.testsuites.ThirdPartyFunctionalityValidation"/>
  <testcase name="thirdParty_ValidatingDisabledAllFilterIfNoConatcts" time="12.112" classname="com.kodiak.qa.testsuites.ThirdPartyFunctionalityValidation"/>
  <testcase name="thirdParty_ValidatingCancelButtonManageIndividualContacts" time="16.363" classname="com.kodiak.qa.testsuites.ThirdPartyFunctionalityValidation"/>
  <testcase name="thirdParty_ValidatingTotalCountInWorkAreaAfterSelectingViewAllContactTabForSubscriberWithNoContacts" time="34.603" classname="com.kodiak.qa.testsuites.ThirdPartyFunctionalityValidation"/>
  <testcase name="thirdParty_ValidatingDisabledSaveButtonIfNoConatctsAfterSelectingViewAllContactTab" time="13.094" classname="com.kodiak.qa.testsuites.ThirdPartyFunctionalityValidation"/>
  <testcase name="thirdParty_SelectedSubscriberConatctInWorkArea" time="69.064" classname="com.kodiak.qa.testsuites.ThirdPartyFunctionalityValidation"/>
  <testcase name="thirdParty_ValidatingCancelButtonAfterSelectingViewAllContactTab" time="12.359" classname="com.kodiak.qa.testsuites.ThirdPartyFunctionalityValidation"/>
  <testcase name="thirdParty_ValidatingTotalCountInWorkAreaAfterSelectingManageContactsViaSubListTabForSubscriberWithNoContacts" time="28.746" classname="com.kodiak.qa.testsuites.ThirdPartyFunctionalityValidation"/>
  <testcase name="thirdParty_validatingTotalCountAfterRemove" time="16.473" classname="com.kodiak.qa.testsuites.ThirdPartyFunctionalityValidation"/>
  <testcase name="thirdParty_ValidatingDisabledSaveButtonIfNoConatcts" time="13.097" classname="com.kodiak.qa.testsuites.ThirdPartyFunctionalityValidation"/>
  <testcase name="thirdParty_ValidatingDisabledStateOfSearchInputField" time="12.100" classname="com.kodiak.qa.testsuites.ThirdPartyFunctionalityValidation"/>
  <testcase name="thirdParty_ValidatingDisabledAdvancedStateOfSearchInputField" time="12.101" classname="com.kodiak.qa.testsuites.ThirdPartyFunctionalityValidation"/>
  <testcase name="thirdParty_ValidatingDisabledStateOfSearchInputFieldAfterSelectingViewAllContactTab" time="12.097" classname="com.kodiak.qa.testsuites.ThirdPartyFunctionalityValidation"/>
  <testcase name="thirdParty_ValidatingDisabledStateOfSearchInputFieldAfterSelectingManageContactsViaSubListTab" time="13.092" classname="com.kodiak.qa.testsuites.ThirdPartyFunctionalityValidation"/>
  <testcase name="thirdParty_ValidatingDisabledAllFilterIfNoConatctsAfterSelectingViewAllContactTab" time="12.093" classname="com.kodiak.qa.testsuites.ThirdPartyFunctionalityValidation"/>
</testsuite> <!-- com.kodiak.qa.testsuites.ThirdPartyFunctionalityValidation -->
