<?xml version="1.0" encoding="UTF-8"?>
<!-- Generated by org.testng.reporters.JUnitReportReporter -->
<testsuite hostname="Admin-PC" name="com.kodiak.qa.testsuites.WiFiClientAssignContactsFilterData" tests="11" failures="0" timestamp="26 Sep 2016 23:11:48 GMT" time="447.410" errors="0">
  <testcase name="wiFi_VerifyNeedsAttentionClientOnAssignContacsPopup" time="25.612" classname="com.kodiak.qa.testsuites.WiFiClientAssignContactsFilterData"/>
  <testcase name="wiFi_VerifySelectedcontactAvailableInManageIndividualContacts" time="72.116" classname="com.kodiak.qa.testsuites.WiFiClientAssignContactsFilterData"/>
  <testcase name="wiFi_VerifyWifiClientOnAssignContactsPopup" time="28.884" classname="com.kodiak.qa.testsuites.WiFiClientAssignContactsFilterData"/>
  <testcase name="validatingCloseBrowser" time="2.380" classname="com.kodiak.qa.testsuites.WiFiClientAssignContactsFilterData"/>
  <testcase name="wiFi_VerifyDispatcherClientOnAssignContacsPopup" time="68.724" classname="com.kodiak.qa.testsuites.WiFiClientAssignContactsFilterData"/>
  <testcase name="Kodiak_CAT_LaunchingUsingFANId" time="98.369" classname="com.kodiak.qa.testsuites.WiFiClientAssignContactsFilterData"/>
  <testcase name="wiFi_VerifyThirdPartyApplicationClientOnAssignContactsPopup" time="25.673" classname="com.kodiak.qa.testsuites.WiFiClientAssignContactsFilterData"/>
  <testcase name="wiFi_VerifyCrossCarrierClientOnAssignContactsPopup" time="20.615" classname="com.kodiak.qa.testsuites.WiFiClientAssignContactsFilterData"/>
  <testcase name="wiFi_VerifyExternalClientOnAssignContactsPopup" time="15.497" classname="com.kodiak.qa.testsuites.WiFiClientAssignContactsFilterData"/>
  <testcase name="wiFi_VerifySuMdnContactsPopup" time="20.567" classname="com.kodiak.qa.testsuites.WiFiClientAssignContactsFilterData"/>
  <testcase name="wiFi_SelectedSubscriberConatctInWorkArea" time="68.973" classname="com.kodiak.qa.testsuites.WiFiClientAssignContactsFilterData"/>
</testsuite> <!-- com.kodiak.qa.testsuites.WiFiClientAssignContactsFilterData -->
