<?xml version="1.0" encoding="UTF-8"?>
<!-- Generated by org.testng.reporters.JUnitReportReporter -->
<testsuite hostname="admin-PC" name="isteer.qa.test.kodiak.testsuites.DispatcherProfileValidation" tests="21" failures="0" timestamp="14 Sep 2015 11:22:21 GMT" time="321.192" errors="0">
  <testcase name="odiak_CAT_AlphanumericDispatcherName" time="14.156" classname="isteer.qa.test.kodiak.testsuites.DispatcherProfileValidation"/>
  <testcase name="Kodiak_CAT_ValidatingDispatcherName" time="14.035" classname="isteer.qa.test.kodiak.testsuites.DispatcherProfileValidation"/>
  <testcase name="Kodiak_ValidatingTotalGroupCountInWorkAreaAfterSelectingViewGroupTabForDispatcher" time="14.051" classname="isteer.qa.test.kodiak.testsuites.DispatcherProfileValidation"/>
  <testcase name="Kodiak_CAT_VerifyLoginWithoutCorpID" time="5.872" classname="isteer.qa.test.kodiak.testsuites.DispatcherProfileValidation"/>
  <testcase name="Kodiak_ValidatingTotalCountInWorkAreaAfterSelectingManageContactsViaSubListTabForDispatcher" time="11.082" classname="isteer.qa.test.kodiak.testsuites.DispatcherProfileValidation"/>
  <testcase name="Kodiak_CAT_DispatcherWithoutName" time="6.063" classname="isteer.qa.test.kodiak.testsuites.DispatcherProfileValidation"/>
  <testcase name="Kodiak_CAT__VerifyInvalidCorpID" time="2.375" classname="isteer.qa.test.kodiak.testsuites.DispatcherProfileValidation"/>
  <testcase name="Kodiak_CAT_ValidatingChangedDispatcherName" time="17.596" classname="isteer.qa.test.kodiak.testsuites.DispatcherProfileValidation"/>
  <testcase name="Kodiak_CAT_LoginWithValidCorpIDandFANID" time="49.567" classname="isteer.qa.test.kodiak.testsuites.DispatcherProfileValidation"/>
  <testcase name="Kodiak_ValidatingDispatcherState" time="12.189" classname="isteer.qa.test.kodiak.testsuites.DispatcherProfileValidation"/>
  <testcase name="Kodiak_CAT_ValidatingDispatcherEmail" time="13.623" classname="isteer.qa.test.kodiak.testsuites.DispatcherProfileValidation"/>
  <testcase name="Kodiak_ValidatingDispatcherIconToolTip" time="1.062" classname="isteer.qa.test.kodiak.testsuites.DispatcherProfileValidation"/>
  <testcase name="Kodiak_ValidatingDispatcherPhoneNumber" time="15.695" classname="isteer.qa.test.kodiak.testsuites.DispatcherProfileValidation"/>
  <testcase name="Kodiak_ValidatingTotalCountInWorkAreaAfterSelectingDisaptcherInMasterList" time="2.441" classname="isteer.qa.test.kodiak.testsuites.DispatcherProfileValidation"/>
  <testcase name="Kodiak_ValidatingDispatcherBillingPhoneNumber" time="10.093" classname="isteer.qa.test.kodiak.testsuites.DispatcherProfileValidation"/>
  <testcase name="Kodiak_CAT_ValidatingSubscriberType" time="61.107" classname="isteer.qa.test.kodiak.testsuites.DispatcherProfileValidation"/>
  <testcase name="Kodiak_CAT_DispatcherWithoutEmail" time="16.489" classname="isteer.qa.test.kodiak.testsuites.DispatcherProfileValidation"/>
  <testcase name="Kodiak_CAT_ValidatingChangedDispatcherEmail" time="38.608" classname="isteer.qa.test.kodiak.testsuites.DispatcherProfileValidation"/>
  <testcase name="Kodiak_ValidatingDispatcherRecords" time="2.434" classname="isteer.qa.test.kodiak.testsuites.DispatcherProfileValidation"/>
  <testcase name="Kodiak_ValidatingTotalCountInWorkAreaAfterSelectingViewAllContactTabForDispatcher" time="2.549" classname="isteer.qa.test.kodiak.testsuites.DispatcherProfileValidation"/>
  <testcase name="Kodiak_ValidatingClientType" time="10.105" classname="isteer.qa.test.kodiak.testsuites.DispatcherProfileValidation"/>
</testsuite> <!-- isteer.qa.test.kodiak.testsuites.DispatcherProfileValidation -->
