<?xml version="1.0" encoding="UTF-8"?>
<!-- Generated by org.testng.reporters.JUnitReportReporter -->
<testsuite hostname="Admin-PC" name="com.kodiak.qa.testsuites.DispatchGroupsTestCases" tests="42" failures="0" timestamp="29 May 2016 01:15:14 GMT" time="2520.375" errors="0">
  <testcase name="validationOfExternalClientInPickDispatcherPopup" time="19.518" classname="com.kodiak.qa.testsuites.DispatchGroupsTestCases"/>
  <testcase name="verifyCreationOfDispatchGroupWithLMRGroupAndCrossCarrier" time="126.360" classname="com.kodiak.qa.testsuites.DispatchGroupsTestCases"/>
  <testcase name="validatingDispatchGroupWithTwoMemberWithoutDispatcher" time="103.245" classname="com.kodiak.qa.testsuites.DispatchGroupsTestCases"/>
  <testcase name="crossCarrier_ValidatingSubListDeletion" time="107.652" classname="com.kodiak.qa.testsuites.DispatchGroupsTestCases"/>
  <testcase name="validatingDispatchGroupOnlyWithSubList" time="118.525" classname="com.kodiak.qa.testsuites.DispatchGroupsTestCases"/>
  <testcase name="validatingDispatchGroupsInManageGroupsFilter" time="25.497" classname="com.kodiak.qa.testsuites.DispatchGroupsTestCases"/>
  <testcase name="validatingAddIndividualMemberTabForMaxLimitForDispatchGroup" time="59.016" classname="com.kodiak.qa.testsuites.DispatchGroupsTestCases"/>
  <testcase name="validatingExistingDispatchGroupMemberCountAfterRemovingOneSubList" time="40.309" classname="com.kodiak.qa.testsuites.DispatchGroupsTestCases"/>
  <testcase name="validatingCloseBrowser" time="2.316" classname="com.kodiak.qa.testsuites.DispatchGroupsTestCases"/>
  <testcase name="Kodiak_CAT_LaunchingUsingFANId" time="112.211" classname="com.kodiak.qa.testsuites.DispatchGroupsTestCases"/>
  <testcase name="validatingDispatcherGroupNeedAttentionIconMessageWithOneMember" time="8.057" classname="com.kodiak.qa.testsuites.DispatchGroupsTestCases"/>
  <testcase name="validationOfInterOpClientInPickDispatcherPopup" time="27.759" classname="com.kodiak.qa.testsuites.DispatchGroupsTestCases"/>
  <testcase name="validatingDispatchGroupWithoutDispatcher" time="52.102" classname="com.kodiak.qa.testsuites.DispatchGroupsTestCases"/>
  <testcase name="validationOfDispatchGroupWithTwoDispatcher" time="70.295" classname="com.kodiak.qa.testsuites.DispatchGroupsTestCases"/>
  <testcase name="validatingErrorMessageForMaxLimitForDispatchGroup" time="34.909" classname="com.kodiak.qa.testsuites.DispatchGroupsTestCases"/>
  <testcase name="validatingExistingDispatchGroupMemberCountAfterAddingSubListInIt" time="261.015" classname="com.kodiak.qa.testsuites.DispatchGroupsTestCases"/>
  <testcase name="validatingGroupTypeAndReadableModeForTheExistingDispatchGroup" time="7.104" classname="com.kodiak.qa.testsuites.DispatchGroupsTestCases"/>
  <testcase name="validatingLMRSubscriberInAddContactsPopupForDispatchGroup" time="0.094" classname="com.kodiak.qa.testsuites.DispatchGroupsTestCases"/>
  <testcase name="validationCreationOfDispatchGroupWithoutName" time="30.398" classname="com.kodiak.qa.testsuites.DispatchGroupsTestCases"/>
  <testcase name="validatingDispatchGroupCreatedWithTwoMembersInManageGroup" time="98.764" classname="com.kodiak.qa.testsuites.DispatchGroupsTestCases"/>
  <testcase name="validatingCreatedDispatchGroupViewAllMemberCount" time="18.462" classname="com.kodiak.qa.testsuites.DispatchGroupsTestCases"/>
  <testcase name="validatingExistingDispatchGroupAfterRemovingOneMemberFromIt" time="69.958" classname="com.kodiak.qa.testsuites.DispatchGroupsTestCases"/>
  <testcase name="validatingMemberInManageIndividualMemberAfterDeletingInManageSupervisor" time="33.231" classname="com.kodiak.qa.testsuites.DispatchGroupsTestCases"/>
  <testcase name="validatingDispatchGroupCreationWithDispatcherAndExternalContact" time="100.952" classname="com.kodiak.qa.testsuites.DispatchGroupsTestCases"/>
  <testcase name="validatingSaveButtonInWorkAreaForExistingDispatchGroup" time="19.292" classname="com.kodiak.qa.testsuites.DispatchGroupsTestCases"/>
  <testcase name="validatingExistingDispatchGroupMemberCountAfterSeletingAllSubListFromPickSubList" time="20.842" classname="com.kodiak.qa.testsuites.DispatchGroupsTestCases"/>
  <testcase name="validatingMouseOverOnDispatchGroupForTotalMemberCount" time="15.090" classname="com.kodiak.qa.testsuites.DispatchGroupsTestCases"/>
  <testcase name="validatingLMRGroupInPickIndividualGroupMemberPopupIfOneHasBeenAlreadyAssigned" time="8.603" classname="com.kodiak.qa.testsuites.DispatchGroupsTestCases"/>
  <testcase name="validatingDispatchGroupWithOneMember" time="110.182" classname="com.kodiak.qa.testsuites.DispatchGroupsTestCases"/>
  <testcase name="validatingCreatingDispatchGroupWithExistingName" time="142.764" classname="com.kodiak.qa.testsuites.DispatchGroupsTestCases"/>
  <testcase name="validatingDispatcherInPickIndividualGroupMemberPopup" time="32.670" classname="com.kodiak.qa.testsuites.DispatchGroupsTestCases"/>
  <testcase name="validatingExistingDispatchGroupDeletion" time="22.630" classname="com.kodiak.qa.testsuites.DispatchGroupsTestCases"/>
  <testcase name="validatingCreationOfDispatchGroup" time="14.680" classname="com.kodiak.qa.testsuites.DispatchGroupsTestCases"/>
  <testcase name="validationOfDispatchGroupWithMultipleInterOp" time="117.703" classname="com.kodiak.qa.testsuites.DispatchGroupsTestCases"/>
  <testcase name="validatingExistingDispatchGroupTotalMemberCount" time="3.071" classname="com.kodiak.qa.testsuites.DispatchGroupsTestCases"/>
  <testcase name="validatingMouseOverOnGroupIconForTitle" time="17.678" classname="com.kodiak.qa.testsuites.DispatchGroupsTestCases"/>
  <testcase name="validatingExistingDispatchGroupMemberCountAfterDeletingSubListInManageSubList" time="152.036" classname="com.kodiak.qa.testsuites.DispatchGroupsTestCases"/>
  <testcase name="validatingDispatcherUnderManageDispatcherTab" time="14.206" classname="com.kodiak.qa.testsuites.DispatchGroupsTestCases"/>
  <testcase name="validatingDispatcherGroupOnlyWithOneMember" time="46.782" classname="com.kodiak.qa.testsuites.DispatchGroupsTestCases"/>
  <testcase name="validatingDispatchGroupSaveAfterClickOnCancel" time="93.365" classname="com.kodiak.qa.testsuites.DispatchGroupsTestCases"/>
  <testcase name="validatingDispatchGroupCreatedWithSupervisor" time="66.713" classname="com.kodiak.qa.testsuites.DispatchGroupsTestCases"/>
  <testcase name="validatingDispatchGroupAfterChangingTheExistingDispatcherDoesNotGoToNeedAttention" time="94.319" classname="com.kodiak.qa.testsuites.DispatchGroupsTestCases"/>
</testsuite> <!-- com.kodiak.qa.testsuites.DispatchGroupsTestCases -->
