<?xml version="1.0" encoding="UTF-8"?>
<!-- Generated by org.testng.reporters.JUnitReportReporter -->
<testsuite hostname="Admin-PC" name="com.kodiak.qa.testsuites.StandardGroupTestCases" tests="28" failures="0" timestamp="29 May 2016 01:15:14 GMT" time="1660.492" errors="0">
  <testcase name="validatingCreationOfStandardGroupWithOneMember" time="36.022" classname="com.kodiak.qa.testsuites.StandardGroupTestCases"/>
  <testcase name="verifyErrorMessageOnCreatingStandardGroupWithDuplicateName" time="106.512" classname="com.kodiak.qa.testsuites.StandardGroupTestCases"/>
  <testcase name="validatingTotalGroupMemberCount" time="3.065" classname="com.kodiak.qa.testsuites.StandardGroupTestCases"/>
  <testcase name="validatingErrorMessageForExistingStandardGroupModifiedAndCreatedWithOneMember" time="42.903" classname="com.kodiak.qa.testsuites.StandardGroupTestCases"/>
  <testcase name="validatingSupervisorRemovedArePresentForIndividualContactsInGroup" time="53.562" classname="com.kodiak.qa.testsuites.StandardGroupTestCases"/>
  <testcase name="validatingStandardGroupsInManageGroupsFilter" time="21.507" classname="com.kodiak.qa.testsuites.StandardGroupTestCases"/>
  <testcase name="validatingSaveButtonForExistingStandardGroup" time="8.055" classname="com.kodiak.qa.testsuites.StandardGroupTestCases"/>
  <testcase name="validatingCreationOfStandardGroupWithoutName" time="70.848" classname="com.kodiak.qa.testsuites.StandardGroupTestCases"/>
  <testcase name="Kodiak_CAT_LaunchingUsingFANId" time="112.066" classname="com.kodiak.qa.testsuites.StandardGroupTestCases"/>
  <testcase name="validatingDeletionOfExistingStandardGroup" time="34.576" classname="com.kodiak.qa.testsuites.StandardGroupTestCases"/>
  <testcase name="validatingGroupMemberCountUpdateAfterAddidngAllSubList" time="193.382" classname="com.kodiak.qa.testsuites.StandardGroupTestCases"/>
  <testcase name="validatingStandardGroupOnlyWithInterOpRadios" time="97.381" classname="com.kodiak.qa.testsuites.StandardGroupTestCases"/>
  <testcase name="validatingExistingGroupMemberCountAfterDeletionOfOneSubListWhichContainsTwoSubList" time="42.298" classname="com.kodiak.qa.testsuites.StandardGroupTestCases"/>
  <testcase name="validatingCreationOfStandardGroup" time="14.659" classname="com.kodiak.qa.testsuites.StandardGroupTestCases"/>
  <testcase name="validatingDispatcherInAddContactsPopup" time="0.114" classname="com.kodiak.qa.testsuites.StandardGroupTestCases"/>
  <testcase name="validatingCloseBrowser" time="2.333" classname="com.kodiak.qa.testsuites.StandardGroupTestCases"/>
  <testcase name="crossCarrier_ValidatingSubListDeletion" time="107.551" classname="com.kodiak.qa.testsuites.StandardGroupTestCases"/>
  <testcase name="validatingExistingGroupMemberCountAfterAddingSubListWithWiFiWindoDesktopAndThirdParty" time="138.257" classname="com.kodiak.qa.testsuites.StandardGroupTestCases"/>
  <testcase name="validatingLMRSubscriberInAddContactsPopup" time="25.782" classname="com.kodiak.qa.testsuites.StandardGroupTestCases"/>
  <testcase name="validatingConfirmMessageOnCreatingStandardGroupAfterClickOnCancel" time="77.748" classname="com.kodiak.qa.testsuites.StandardGroupTestCases"/>
  <testcase name="validatingExistingGroupWhichContainsOnlySubListMembersAfterDeletingSubListWithWiFiWindowDesktopAndThirdParty" time="103.730" classname="com.kodiak.qa.testsuites.StandardGroupTestCases"/>
  <testcase name="validatingErrorMessageOnCreationOfStandardGroupWithMoreThanMaxLimit" time="79.911" classname="com.kodiak.qa.testsuites.StandardGroupTestCases"/>
  <testcase name="validatingGroupTypeAndReadableModeForTheExistingStandardGroup" time="13.343" classname="com.kodiak.qa.testsuites.StandardGroupTestCases"/>
  <testcase name="validatingLMRGroupInPickIndividualGroupMemberPopupIfOneHasBeenAlreadyAssigned" time="8.560" classname="com.kodiak.qa.testsuites.StandardGroupTestCases"/>
  <testcase name="validatingCreatingStandardGroupWiFiAndThirdPartyWithThirdPartyAsSupervisor" time="119.058" classname="com.kodiak.qa.testsuites.StandardGroupTestCases"/>
  <testcase name="validatingStandardGroupOnlyWithExternalContacts" time="67.488" classname="com.kodiak.qa.testsuites.StandardGroupTestCases"/>
  <testcase name="verifyCreationOfStandardGroupWithLMRGroupAndInterOpClient" time="71.524" classname="com.kodiak.qa.testsuites.StandardGroupTestCases"/>
  <testcase name="verifyViewAllMembersCountForGroup" time="8.257" classname="com.kodiak.qa.testsuites.StandardGroupTestCases"/>
</testsuite> <!-- com.kodiak.qa.testsuites.StandardGroupTestCases -->
