<?xml version="1.0" encoding="UTF-8"?>
<!-- Generated by org.testng.reporters.JUnitReportReporter -->
<testsuite hostname="admin-PC" name="isteer.qa.test.kodiak.testsuites.Kodiak_CAT_BasicSearchTestCase" tests="17" failures="0" timestamp="14 Sep 2015 11:22:21 GMT" time="646.825" errors="0">
  <testcase name="searchInvalidGroupNameInViewGroupsTab" time="55.764" classname="isteer.qa.test.kodiak.testsuites.Kodiak_CAT_BasicSearchTestCase"/>
  <testcase name="Kodiak_CAT_2_LaunchingUsingFANId" time="55.103" classname="isteer.qa.test.kodiak.testsuites.Kodiak_CAT_BasicSearchTestCase"/>
  <testcase name="searchSubscriberPhNumber" time="11.234" classname="isteer.qa.test.kodiak.testsuites.Kodiak_CAT_BasicSearchTestCase"/>
  <testcase name="verifyContactsSearchAndAfterClrSearchUsingMdn" time="42.982" classname="isteer.qa.test.kodiak.testsuites.Kodiak_CAT_BasicSearchTestCase"/>
  <testcase name="verifyContactsSearchAndAfterClrSearchUsingName" time="43.224" classname="isteer.qa.test.kodiak.testsuites.Kodiak_CAT_BasicSearchTestCase"/>
  <testcase name="searchSubscriberNameInSubscriberWorkArea" time="34.419" classname="isteer.qa.test.kodiak.testsuites.Kodiak_CAT_BasicSearchTestCase"/>
  <testcase name="verifySubscriberMdnInViewAllContactsTab" time="47.040" classname="isteer.qa.test.kodiak.testsuites.Kodiak_CAT_BasicSearchTestCase"/>
  <testcase name="verifyGroupInViewGroupsTab" time="52.394" classname="isteer.qa.test.kodiak.testsuites.Kodiak_CAT_BasicSearchTestCase"/>
  <testcase name="verifySublistCount" time="42.306" classname="isteer.qa.test.kodiak.testsuites.Kodiak_CAT_BasicSearchTestCase"/>
  <testcase name="verifySubscriberNameInViewAllContactsTab" time="47.279" classname="isteer.qa.test.kodiak.testsuites.Kodiak_CAT_BasicSearchTestCase"/>
  <testcase name="closingBrowserForBasicSearchTestSuite" time="0.463" classname="isteer.qa.test.kodiak.testsuites.Kodiak_CAT_BasicSearchTestCase"/>
  <testcase name="searchSubscriberPhoneNumberInSubscriberWorkArea" time="32.948" classname="isteer.qa.test.kodiak.testsuites.Kodiak_CAT_BasicSearchTestCase"/>
  <testcase name="verifySublistNameInAddSublistPopup" time="39.870" classname="isteer.qa.test.kodiak.testsuites.Kodiak_CAT_BasicSearchTestCase"/>
  <testcase name="checkDeleteBtnBeforeAndAfterSearch" time="43.790" classname="isteer.qa.test.kodiak.testsuites.Kodiak_CAT_BasicSearchTestCase"/>
  <testcase name="verifySubscriberInManageContactsVisSublist" time="42.109" classname="isteer.qa.test.kodiak.testsuites.Kodiak_CAT_BasicSearchTestCase"/>
  <testcase name="searchSubscriberName" time="11.481" classname="isteer.qa.test.kodiak.testsuites.Kodiak_CAT_BasicSearchTestCase"/>
  <testcase name="searchInvalidStringInSubscriberWorkArea" time="44.419" classname="isteer.qa.test.kodiak.testsuites.Kodiak_CAT_BasicSearchTestCase"/>
</testsuite> <!-- isteer.qa.test.kodiak.testsuites.Kodiak_CAT_BasicSearchTestCase -->
