<?xml version="1.0" encoding="UTF-8"?>
<!-- Generated by org.testng.reporters.JUnitReportReporter -->
<testsuite hostname="admin-PC" name="com.kodiak.qa.testsuites.WindowClientFunctionalityValidation" tests="26" failures="0" timestamp="24 Apr 2016 20:19:24 GMT" time="803.980" errors="0">
  <testcase name="windowClient_ValidatingCancelButtonAfterSelectingViewAllContactTab" time="12.341" classname="com.kodiak.qa.testsuites.WindowClientFunctionalityValidation"/>
  <testcase name="validatingCloseBrowser" time="3.737" classname="com.kodiak.qa.testsuites.WindowClientFunctionalityValidation"/>
  <testcase name="windowClient_ValidatingDisabledSaveButtonIfNoConatcts" time="13.097" classname="com.kodiak.qa.testsuites.WindowClientFunctionalityValidation"/>
  <testcase name="windowClient_ValidatingTotalCountInWorkAreaAfterSelectingViewAllContactTabForDispatcherWithNoContacts" time="34.620" classname="com.kodiak.qa.testsuites.WindowClientFunctionalityValidation"/>
  <testcase name="Kodiak_CAT_LaunchingUsingFANId" time="99.424" classname="com.kodiak.qa.testsuites.WindowClientFunctionalityValidation"/>
  <testcase name="windowClient_ValidatingDisabledAdvancedStateOfSearchInputFieldAfterSelectingViewAllContactTab" time="12.097" classname="com.kodiak.qa.testsuites.WindowClientFunctionalityValidation"/>
  <testcase name="windowClient_validatingTotalCountAfterRemove" time="16.516" classname="com.kodiak.qa.testsuites.WindowClientFunctionalityValidation"/>
  <testcase name="windowClient_ValidatingCancelButtonManageIndividualContacts" time="16.441" classname="com.kodiak.qa.testsuites.WindowClientFunctionalityValidation"/>
  <testcase name="windowClient_ValidatingDisabledStateOfSearchInputFieldAfterSelectingViewAllContactTab" time="12.097" classname="com.kodiak.qa.testsuites.WindowClientFunctionalityValidation"/>
  <testcase name="windowClient_ValidatingDisabledAllFilterAfterSelectingManageContactsViaSubListTabIfNoConatcts" time="12.083" classname="com.kodiak.qa.testsuites.WindowClientFunctionalityValidation"/>
  <testcase name="windowClient_ValidatingDisabledStateOfSearchInputFieldAfterSelectingManageContactsViaSubListTab" time="13.099" classname="com.kodiak.qa.testsuites.WindowClientFunctionalityValidation"/>
  <testcase name="windowClient_ValidatingDisabledSaveButtonIfNoConatctsAfterSelectingViewAllContactTab" time="13.091" classname="com.kodiak.qa.testsuites.WindowClientFunctionalityValidation"/>
  <testcase name="windowClient_ValidatingDisabledAllFilterIfNoConatctsAfterSelectingViewAllContactTab" time="12.093" classname="com.kodiak.qa.testsuites.WindowClientFunctionalityValidation"/>
  <testcase name="windowClient_ValidatingUndoIconChangeToRemoveIconAfterClick" time="28.817" classname="com.kodiak.qa.testsuites.WindowClientFunctionalityValidation"/>
  <testcase name="windowClient_ValidatingDisabledAllFilterIfNoConatcts" time="12.089" classname="com.kodiak.qa.testsuites.WindowClientFunctionalityValidation"/>
  <testcase name="windowClient_ValidatingRemoveAllMaxLimitWarningMessage" time="139.848" classname="com.kodiak.qa.testsuites.WindowClientFunctionalityValidation"/>
  <testcase name="windowClient_SelectedSubscriberConatctInWorkArea" time="69.160" classname="com.kodiak.qa.testsuites.WindowClientFunctionalityValidation"/>
  <testcase name="windowClient_ValidatingDisabledSaveButtonAfterSelectingManageContactsViaSubListTabIfNoConatcts" time="13.112" classname="com.kodiak.qa.testsuites.WindowClientFunctionalityValidation"/>
  <testcase name="windowClient_ValidatingDisabledStateOfSearchInputField" time="12.097" classname="com.kodiak.qa.testsuites.WindowClientFunctionalityValidation"/>
  <testcase name="windowClient_ValidatingTotalCountInWorkAreaAfterSelectingManageContactsViaSubListTabForSubscriberWithNoContacts" time="28.640" classname="com.kodiak.qa.testsuites.WindowClientFunctionalityValidation"/>
  <testcase name="windowClient_ValidatingRemoveIconChangeToUndoIconAfterClick" time="34.131" classname="com.kodiak.qa.testsuites.WindowClientFunctionalityValidation"/>
  <testcase name="windowClient_ValidatingCancelButtonAfterSelectingManageContactsViaSubListTab" time="16.322" classname="com.kodiak.qa.testsuites.WindowClientFunctionalityValidation"/>
  <testcase name="windowClient_ValidatingUndoAfterRemoveAllLabel" time="82.887" classname="com.kodiak.qa.testsuites.WindowClientFunctionalityValidation"/>
  <testcase name="windowClient_ValidatingTotalCountAfterClickOnUndoIcon" time="32.019" classname="com.kodiak.qa.testsuites.WindowClientFunctionalityValidation"/>
  <testcase name="windowClient_ValidatingTotalCountInWorkAreaAfterSelectingSubscriberWithNoContacts" time="52.022" classname="com.kodiak.qa.testsuites.WindowClientFunctionalityValidation"/>
  <testcase name="windowClient_ValidatingDisabledAdvancedStateOfSearchInputField" time="12.100" classname="com.kodiak.qa.testsuites.WindowClientFunctionalityValidation"/>
</testsuite> <!-- com.kodiak.qa.testsuites.WindowClientFunctionalityValidation -->
